[0.078s] [34mcolcon[0m [1;30mDEBUG[0m [32mCommand line arguments: ['/usr/bin/colcon', 'build'][0m
[0.078s] [34mcolcon[0m [1;30mDEBUG[0m [32mParsed command line arguments: Namespace(log_base=None, log_level=None, verb_name='build', build_base='build', install_base='install', merge_install=False, symlink_install=False, test_result_base=None, continue_on_error=False, executor='parallel', parallel_workers=16, event_handlers=None, ignore_user_meta=False, metas=['./colcon.meta'], base_paths=['.'], packages_ignore=None, packages_ignore_regex=None, paths=None, packages_up_to=None, packages_up_to_regex=None, packages_above=None, packages_above_and_dependencies=None, packages_above_depth=None, packages_select_by_dep=None, packages_skip_by_dep=None, packages_skip_up_to=None, packages_select_build_failed=False, packages_skip_build_finished=False, packages_select_test_failures=False, packages_skip_test_passed=False, packages_select=None, packages_skip=None, packages_select_regex=None, packages_skip_regex=None, packages_start=None, packages_end=None, allow_overriding=[], cmake_args=None, cmake_target=None, cmake_target_skip_unavailable=False, cmake_clean_cache=False, cmake_clean_first=False, cmake_force_configure=False, ament_cmake_args=None, catkin_cmake_args=None, catkin_skip_building_tests=False, mixin_files=None, mixin=None, verb_parser=<colcon_mixin.mixin.mixin_argument.MixinArgumentDecorator object at 0x7f933f02a320>, verb_extension=<colcon_core.verb.build.BuildVerb object at 0x7f933f10f130>, main=<bound method BuildVerb.main of <colcon_core.verb.build.BuildVerb object at 0x7f933f10f130>>, mixin_verb=('build',))[0m
[0.203s] [34mcolcon.colcon_core.package_discovery[0m [1;30mLevel 1[0m discover_packages(colcon_meta) check parameters
[0.203s] [34mcolcon.colcon_core.package_discovery[0m [1;30mLevel 1[0m discover_packages(recursive) check parameters
[0.203s] [34mcolcon.colcon_core.package_discovery[0m [1;30mLevel 1[0m discover_packages(ignore) check parameters
[0.203s] [34mcolcon.colcon_core.package_discovery[0m [1;30mLevel 1[0m discover_packages(path) check parameters
[0.203s] [34mcolcon.colcon_core.package_discovery[0m [1;30mLevel 1[0m discover_packages(colcon_meta) discover
[0.203s] [34mcolcon.colcon_core.package_discovery[0m [1;30mLevel 1[0m discover_packages(recursive) discover
[0.203s] [34mcolcon.colcon_core.package_discovery[0m [1;30mINFO[0m Crawling recursively for packages in '/home/sunildj/stembotX2_ws'
[0.203s] [34mcolcon.colcon_core.package_identification[0m [1;30mLevel 1[0m _identify(.) by extensions ['ignore', 'ignore_ament_install']
[0.204s] [34mcolcon.colcon_core.package_identification[0m [1;30mLevel 1[0m _identify(.) by extension 'ignore'
[0.204s] [34mcolcon.colcon_core.package_identification[0m [1;30mLevel 1[0m _identify(.) by extension 'ignore_ament_install'
[0.204s] [34mcolcon.colcon_core.package_identification[0m [1;30mLevel 1[0m _identify(.) by extensions ['colcon_pkg']
[0.204s] [34mcolcon.colcon_core.package_identification[0m [1;30mLevel 1[0m _identify(.) by extension 'colcon_pkg'
[0.204s] [34mcolcon.colcon_core.package_identification[0m [1;30mLevel 1[0m _identify(.) by extensions ['colcon_meta']
[0.204s] [34mcolcon.colcon_core.package_identification[0m [1;30mLevel 1[0m _identify(.) by extension 'colcon_meta'
[0.204s] [34mcolcon.colcon_core.package_identification[0m [1;30mLevel 1[0m _identify(.) by extensions ['ros']
[0.204s] [34mcolcon.colcon_core.package_identification[0m [1;30mLevel 1[0m _identify(.) by extension 'ros'
[0.215s] [34mcolcon.colcon_core.package_identification[0m [1;30mLevel 1[0m _identify(.) by extensions ['cmake', 'python']
[0.215s] [34mcolcon.colcon_core.package_identification[0m [1;30mLevel 1[0m _identify(.) by extension 'cmake'
[0.215s] [34mcolcon.colcon_core.package_identification[0m [1;30mLevel 1[0m _identify(.) by extension 'python'
[0.215s] [34mcolcon.colcon_core.package_identification[0m [1;30mLevel 1[0m _identify(.) by extensions ['python_setup_py']
[0.215s] [34mcolcon.colcon_core.package_identification[0m [1;30mLevel 1[0m _identify(.) by extension 'python_setup_py'
[0.216s] [34mcolcon.colcon_core.package_identification[0m [1;30mLevel 1[0m _identify(build) by extensions ['ignore', 'ignore_ament_install']
[0.216s] [34mcolcon.colcon_core.package_identification[0m [1;30mLevel 1[0m _identify(build) by extension 'ignore'
[0.216s] [34mcolcon.colcon_core.package_identification[0m [1;30mLevel 1[0m _identify(build) ignored
[0.216s] [34mcolcon.colcon_core.package_identification[0m [1;30mLevel 1[0m _identify(install) by extensions ['ignore', 'ignore_ament_install']
[0.216s] [34mcolcon.colcon_core.package_identification[0m [1;30mLevel 1[0m _identify(install) by extension 'ignore'
[0.216s] [34mcolcon.colcon_core.package_identification[0m [1;30mLevel 1[0m _identify(install) ignored
[0.216s] [34mcolcon.colcon_core.package_identification[0m [1;30mLevel 1[0m _identify(log) by extensions ['ignore', 'ignore_ament_install']
[0.216s] [34mcolcon.colcon_core.package_identification[0m [1;30mLevel 1[0m _identify(log) by extension 'ignore'
[0.216s] [34mcolcon.colcon_core.package_identification[0m [1;30mLevel 1[0m _identify(log) ignored
[0.216s] [34mcolcon.colcon_core.package_identification[0m [1;30mLevel 1[0m _identify(sllidar_ros2) by extensions ['ignore', 'ignore_ament_install']
[0.216s] [34mcolcon.colcon_core.package_identification[0m [1;30mLevel 1[0m _identify(sllidar_ros2) by extension 'ignore'
[0.216s] [34mcolcon.colcon_core.package_identification[0m [1;30mLevel 1[0m _identify(sllidar_ros2) by extension 'ignore_ament_install'
[0.216s] [34mcolcon.colcon_core.package_identification[0m [1;30mLevel 1[0m _identify(sllidar_ros2) by extensions ['colcon_pkg']
[0.216s] [34mcolcon.colcon_core.package_identification[0m [1;30mLevel 1[0m _identify(sllidar_ros2) by extension 'colcon_pkg'
[0.216s] [34mcolcon.colcon_core.package_identification[0m [1;30mLevel 1[0m _identify(sllidar_ros2) by extensions ['colcon_meta']
[0.216s] [34mcolcon.colcon_core.package_identification[0m [1;30mLevel 1[0m _identify(sllidar_ros2) by extension 'colcon_meta'
[0.216s] [34mcolcon.colcon_core.package_identification[0m [1;30mLevel 1[0m _identify(sllidar_ros2) by extensions ['ros']
[0.216s] [34mcolcon.colcon_core.package_identification[0m [1;30mLevel 1[0m _identify(sllidar_ros2) by extension 'ros'
[0.218s] [34mcolcon.colcon_core.package_identification[0m [1;30mDEBUG[0m [32mPackage 'sllidar_ros2' with type 'ros.ament_cmake' and name 'sllidar_ros2'[0m
[0.218s] [34mcolcon.colcon_core.package_identification[0m [1;30mLevel 1[0m _identify(src) by extensions ['ignore', 'ignore_ament_install']
[0.218s] [34mcolcon.colcon_core.package_identification[0m [1;30mLevel 1[0m _identify(src) by extension 'ignore'
[0.218s] [34mcolcon.colcon_core.package_identification[0m [1;30mLevel 1[0m _identify(src) by extension 'ignore_ament_install'
[0.218s] [34mcolcon.colcon_core.package_identification[0m [1;30mLevel 1[0m _identify(src) by extensions ['colcon_pkg']
[0.218s] [34mcolcon.colcon_core.package_identification[0m [1;30mLevel 1[0m _identify(src) by extension 'colcon_pkg'
[0.218s] [34mcolcon.colcon_core.package_identification[0m [1;30mLevel 1[0m _identify(src) by extensions ['colcon_meta']
[0.218s] [34mcolcon.colcon_core.package_identification[0m [1;30mLevel 1[0m _identify(src) by extension 'colcon_meta'
[0.218s] [34mcolcon.colcon_core.package_identification[0m [1;30mLevel 1[0m _identify(src) by extensions ['ros']
[0.218s] [34mcolcon.colcon_core.package_identification[0m [1;30mLevel 1[0m _identify(src) by extension 'ros'
[0.218s] [34mcolcon.colcon_core.package_identification[0m [1;30mLevel 1[0m _identify(src) by extensions ['cmake', 'python']
[0.218s] [34mcolcon.colcon_core.package_identification[0m [1;30mLevel 1[0m _identify(src) by extension 'cmake'
[0.218s] [34mcolcon.colcon_core.package_identification[0m [1;30mLevel 1[0m _identify(src) by extension 'python'
[0.218s] [34mcolcon.colcon_core.package_identification[0m [1;30mLevel 1[0m _identify(src) by extensions ['python_setup_py']
[0.218s] [34mcolcon.colcon_core.package_identification[0m [1;30mLevel 1[0m _identify(src) by extension 'python_setup_py'
[0.218s] [34mcolcon.colcon_core.package_identification[0m [1;30mLevel 1[0m _identify(src/micro_ros_setup) by extensions ['ignore', 'ignore_ament_install']
[0.219s] [34mcolcon.colcon_core.package_identification[0m [1;30mLevel 1[0m _identify(src/micro_ros_setup) by extension 'ignore'
[0.219s] [34mcolcon.colcon_core.package_identification[0m [1;30mLevel 1[0m _identify(src/micro_ros_setup) by extension 'ignore_ament_install'
[0.219s] [34mcolcon.colcon_core.package_identification[0m [1;30mLevel 1[0m _identify(src/micro_ros_setup) by extensions ['colcon_pkg']
[0.219s] [34mcolcon.colcon_core.package_identification[0m [1;30mLevel 1[0m _identify(src/micro_ros_setup) by extension 'colcon_pkg'
[0.219s] [34mcolcon.colcon_core.package_identification[0m [1;30mLevel 1[0m _identify(src/micro_ros_setup) by extensions ['colcon_meta']
[0.219s] [34mcolcon.colcon_core.package_identification[0m [1;30mLevel 1[0m _identify(src/micro_ros_setup) by extension 'colcon_meta'
[0.219s] [34mcolcon.colcon_core.package_identification[0m [1;30mLevel 1[0m _identify(src/micro_ros_setup) by extensions ['ros']
[0.219s] [34mcolcon.colcon_core.package_identification[0m [1;30mLevel 1[0m _identify(src/micro_ros_setup) by extension 'ros'
[0.219s] [34mcolcon.colcon_core.package_identification[0m [1;30mDEBUG[0m [32mPackage 'src/micro_ros_setup' with type 'ros.ament_cmake' and name 'micro_ros_setup'[0m
[0.219s] [34mcolcon.colcon_core.package_identification[0m [1;30mLevel 1[0m _identify(src/uros) by extensions ['ignore', 'ignore_ament_install']
[0.219s] [34mcolcon.colcon_core.package_identification[0m [1;30mLevel 1[0m _identify(src/uros) by extension 'ignore'
[0.219s] [34mcolcon.colcon_core.package_identification[0m [1;30mLevel 1[0m _identify(src/uros) by extension 'ignore_ament_install'
[0.219s] [34mcolcon.colcon_core.package_identification[0m [1;30mLevel 1[0m _identify(src/uros) by extensions ['colcon_pkg']
[0.220s] [34mcolcon.colcon_core.package_identification[0m [1;30mLevel 1[0m _identify(src/uros) by extension 'colcon_pkg'
[0.220s] [34mcolcon.colcon_core.package_identification[0m [1;30mLevel 1[0m _identify(src/uros) by extensions ['colcon_meta']
[0.220s] [34mcolcon.colcon_core.package_identification[0m [1;30mLevel 1[0m _identify(src/uros) by extension 'colcon_meta'
[0.220s] [34mcolcon.colcon_core.package_identification[0m [1;30mLevel 1[0m _identify(src/uros) by extensions ['ros']
[0.220s] [34mcolcon.colcon_core.package_identification[0m [1;30mLevel 1[0m _identify(src/uros) by extension 'ros'
[0.220s] [34mcolcon.colcon_core.package_identification[0m [1;30mLevel 1[0m _identify(src/uros) by extensions ['cmake', 'python']
[0.220s] [34mcolcon.colcon_core.package_identification[0m [1;30mLevel 1[0m _identify(src/uros) by extension 'cmake'
[0.220s] [34mcolcon.colcon_core.package_identification[0m [1;30mLevel 1[0m _identify(src/uros) by extension 'python'
[0.220s] [34mcolcon.colcon_core.package_identification[0m [1;30mLevel 1[0m _identify(src/uros) by extensions ['python_setup_py']
[0.220s] [34mcolcon.colcon_core.package_identification[0m [1;30mLevel 1[0m _identify(src/uros) by extension 'python_setup_py'
[0.220s] [34mcolcon.colcon_core.package_identification[0m [1;30mLevel 1[0m _identify(src/uros/micro-ROS-Agent) by extensions ['ignore', 'ignore_ament_install']
[0.220s] [34mcolcon.colcon_core.package_identification[0m [1;30mLevel 1[0m _identify(src/uros/micro-ROS-Agent) by extension 'ignore'
[0.220s] [34mcolcon.colcon_core.package_identification[0m [1;30mLevel 1[0m _identify(src/uros/micro-ROS-Agent) by extension 'ignore_ament_install'
[0.220s] [34mcolcon.colcon_core.package_identification[0m [1;30mLevel 1[0m _identify(src/uros/micro-ROS-Agent) by extensions ['colcon_pkg']
[0.220s] [34mcolcon.colcon_core.package_identification[0m [1;30mLevel 1[0m _identify(src/uros/micro-ROS-Agent) by extension 'colcon_pkg'
[0.220s] [34mcolcon.colcon_core.package_identification[0m [1;30mLevel 1[0m _identify(src/uros/micro-ROS-Agent) by extensions ['colcon_meta']
[0.220s] [34mcolcon.colcon_core.package_identification[0m [1;30mLevel 1[0m _identify(src/uros/micro-ROS-Agent) by extension 'colcon_meta'
[0.220s] [34mcolcon.colcon_core.package_identification[0m [1;30mLevel 1[0m _identify(src/uros/micro-ROS-Agent) by extensions ['ros']
[0.220s] [34mcolcon.colcon_core.package_identification[0m [1;30mLevel 1[0m _identify(src/uros/micro-ROS-Agent) by extension 'ros'
[0.220s] [34mcolcon.colcon_core.package_identification[0m [1;30mLevel 1[0m _identify(src/uros/micro-ROS-Agent) by extensions ['cmake', 'python']
[0.220s] [34mcolcon.colcon_core.package_identification[0m [1;30mLevel 1[0m _identify(src/uros/micro-ROS-Agent) by extension 'cmake'
[0.220s] [34mcolcon.colcon_core.package_identification[0m [1;30mLevel 1[0m _identify(src/uros/micro-ROS-Agent) by extension 'python'
[0.220s] [34mcolcon.colcon_core.package_identification[0m [1;30mLevel 1[0m _identify(src/uros/micro-ROS-Agent) by extensions ['python_setup_py']
[0.220s] [34mcolcon.colcon_core.package_identification[0m [1;30mLevel 1[0m _identify(src/uros/micro-ROS-Agent) by extension 'python_setup_py'
[0.221s] [34mcolcon.colcon_core.package_identification[0m [1;30mLevel 1[0m _identify(src/uros/micro-ROS-Agent/micro_ros_agent) by extensions ['ignore', 'ignore_ament_install']
[0.221s] [34mcolcon.colcon_core.package_identification[0m [1;30mLevel 1[0m _identify(src/uros/micro-ROS-Agent/micro_ros_agent) by extension 'ignore'
[0.221s] [34mcolcon.colcon_core.package_identification[0m [1;30mLevel 1[0m _identify(src/uros/micro-ROS-Agent/micro_ros_agent) by extension 'ignore_ament_install'
[0.221s] [34mcolcon.colcon_core.package_identification[0m [1;30mLevel 1[0m _identify(src/uros/micro-ROS-Agent/micro_ros_agent) by extensions ['colcon_pkg']
[0.221s] [34mcolcon.colcon_core.package_identification[0m [1;30mLevel 1[0m _identify(src/uros/micro-ROS-Agent/micro_ros_agent) by extension 'colcon_pkg'
[0.221s] [34mcolcon.colcon_core.package_identification[0m [1;30mLevel 1[0m _identify(src/uros/micro-ROS-Agent/micro_ros_agent) by extensions ['colcon_meta']
[0.221s] [34mcolcon.colcon_core.package_identification[0m [1;30mLevel 1[0m _identify(src/uros/micro-ROS-Agent/micro_ros_agent) by extension 'colcon_meta'
[0.221s] [34mcolcon.colcon_core.package_identification[0m [1;30mLevel 1[0m _identify(src/uros/micro-ROS-Agent/micro_ros_agent) by extensions ['ros']
[0.221s] [34mcolcon.colcon_core.package_identification[0m [1;30mLevel 1[0m _identify(src/uros/micro-ROS-Agent/micro_ros_agent) by extension 'ros'
[0.221s] [34mcolcon.colcon_core.package_identification[0m [1;30mDEBUG[0m [32mPackage 'src/uros/micro-ROS-Agent/micro_ros_agent' with type 'ros.ament_cmake' and name 'micro_ros_agent'[0m
[0.221s] [34mcolcon.colcon_core.package_identification[0m [1;30mLevel 1[0m _identify(src/uros/micro-ROS-Agent/snap) by extensions ['ignore', 'ignore_ament_install']
[0.222s] [34mcolcon.colcon_core.package_identification[0m [1;30mLevel 1[0m _identify(src/uros/micro-ROS-Agent/snap) by extension 'ignore'
[0.222s] [34mcolcon.colcon_core.package_identification[0m [1;30mLevel 1[0m _identify(src/uros/micro-ROS-Agent/snap) by extension 'ignore_ament_install'
[0.222s] [34mcolcon.colcon_core.package_identification[0m [1;30mLevel 1[0m _identify(src/uros/micro-ROS-Agent/snap) by extensions ['colcon_pkg']
[0.222s] [34mcolcon.colcon_core.package_identification[0m [1;30mLevel 1[0m _identify(src/uros/micro-ROS-Agent/snap) by extension 'colcon_pkg'
[0.222s] [34mcolcon.colcon_core.package_identification[0m [1;30mLevel 1[0m _identify(src/uros/micro-ROS-Agent/snap) by extensions ['colcon_meta']
[0.222s] [34mcolcon.colcon_core.package_identification[0m [1;30mLevel 1[0m _identify(src/uros/micro-ROS-Agent/snap) by extension 'colcon_meta'
[0.222s] [34mcolcon.colcon_core.package_identification[0m [1;30mLevel 1[0m _identify(src/uros/micro-ROS-Agent/snap) by extensions ['ros']
[0.222s] [34mcolcon.colcon_core.package_identification[0m [1;30mLevel 1[0m _identify(src/uros/micro-ROS-Agent/snap) by extension 'ros'
[0.222s] [34mcolcon.colcon_core.package_identification[0m [1;30mLevel 1[0m _identify(src/uros/micro-ROS-Agent/snap) by extensions ['cmake', 'python']
[0.222s] [34mcolcon.colcon_core.package_identification[0m [1;30mLevel 1[0m _identify(src/uros/micro-ROS-Agent/snap) by extension 'cmake'
[0.222s] [34mcolcon.colcon_core.package_identification[0m [1;30mLevel 1[0m _identify(src/uros/micro-ROS-Agent/snap) by extension 'python'
[0.222s] [34mcolcon.colcon_core.package_identification[0m [1;30mLevel 1[0m _identify(src/uros/micro-ROS-Agent/snap) by extensions ['python_setup_py']
[0.222s] [34mcolcon.colcon_core.package_identification[0m [1;30mLevel 1[0m _identify(src/uros/micro-ROS-Agent/snap) by extension 'python_setup_py'
[0.222s] [34mcolcon.colcon_core.package_identification[0m [1;30mLevel 1[0m _identify(src/uros/micro-ROS-Agent/snap/hooks) by extensions ['ignore', 'ignore_ament_install']
[0.222s] [34mcolcon.colcon_core.package_identification[0m [1;30mLevel 1[0m _identify(src/uros/micro-ROS-Agent/snap/hooks) by extension 'ignore'
[0.222s] [34mcolcon.colcon_core.package_identification[0m [1;30mLevel 1[0m _identify(src/uros/micro-ROS-Agent/snap/hooks) by extension 'ignore_ament_install'
[0.222s] [34mcolcon.colcon_core.package_identification[0m [1;30mLevel 1[0m _identify(src/uros/micro-ROS-Agent/snap/hooks) by extensions ['colcon_pkg']
[0.222s] [34mcolcon.colcon_core.package_identification[0m [1;30mLevel 1[0m _identify(src/uros/micro-ROS-Agent/snap/hooks) by extension 'colcon_pkg'
[0.222s] [34mcolcon.colcon_core.package_identification[0m [1;30mLevel 1[0m _identify(src/uros/micro-ROS-Agent/snap/hooks) by extensions ['colcon_meta']
[0.222s] [34mcolcon.colcon_core.package_identification[0m [1;30mLevel 1[0m _identify(src/uros/micro-ROS-Agent/snap/hooks) by extension 'colcon_meta'
[0.222s] [34mcolcon.colcon_core.package_identification[0m [1;30mLevel 1[0m _identify(src/uros/micro-ROS-Agent/snap/hooks) by extensions ['ros']
[0.222s] [34mcolcon.colcon_core.package_identification[0m [1;30mLevel 1[0m _identify(src/uros/micro-ROS-Agent/snap/hooks) by extension 'ros'
[0.222s] [34mcolcon.colcon_core.package_identification[0m [1;30mLevel 1[0m _identify(src/uros/micro-ROS-Agent/snap/hooks) by extensions ['cmake', 'python']
[0.222s] [34mcolcon.colcon_core.package_identification[0m [1;30mLevel 1[0m _identify(src/uros/micro-ROS-Agent/snap/hooks) by extension 'cmake'
[0.222s] [34mcolcon.colcon_core.package_identification[0m [1;30mLevel 1[0m _identify(src/uros/micro-ROS-Agent/snap/hooks) by extension 'python'
[0.222s] [34mcolcon.colcon_core.package_identification[0m [1;30mLevel 1[0m _identify(src/uros/micro-ROS-Agent/snap/hooks) by extensions ['python_setup_py']
[0.223s] [34mcolcon.colcon_core.package_identification[0m [1;30mLevel 1[0m _identify(src/uros/micro-ROS-Agent/snap/hooks) by extension 'python_setup_py'
[0.223s] [34mcolcon.colcon_core.package_identification[0m [1;30mLevel 1[0m _identify(src/uros/micro-ROS-Agent/snap/local) by extensions ['ignore', 'ignore_ament_install']
[0.223s] [34mcolcon.colcon_core.package_identification[0m [1;30mLevel 1[0m _identify(src/uros/micro-ROS-Agent/snap/local) by extension 'ignore'
[0.223s] [34mcolcon.colcon_core.package_identification[0m [1;30mLevel 1[0m _identify(src/uros/micro-ROS-Agent/snap/local) by extension 'ignore_ament_install'
[0.223s] [34mcolcon.colcon_core.package_identification[0m [1;30mLevel 1[0m _identify(src/uros/micro-ROS-Agent/snap/local) by extensions ['colcon_pkg']
[0.223s] [34mcolcon.colcon_core.package_identification[0m [1;30mLevel 1[0m _identify(src/uros/micro-ROS-Agent/snap/local) by extension 'colcon_pkg'
[0.223s] [34mcolcon.colcon_core.package_identification[0m [1;30mLevel 1[0m _identify(src/uros/micro-ROS-Agent/snap/local) by extensions ['colcon_meta']
[0.223s] [34mcolcon.colcon_core.package_identification[0m [1;30mLevel 1[0m _identify(src/uros/micro-ROS-Agent/snap/local) by extension 'colcon_meta'
[0.223s] [34mcolcon.colcon_core.package_identification[0m [1;30mLevel 1[0m _identify(src/uros/micro-ROS-Agent/snap/local) by extensions ['ros']
[0.223s] [34mcolcon.colcon_core.package_identification[0m [1;30mLevel 1[0m _identify(src/uros/micro-ROS-Agent/snap/local) by extension 'ros'
[0.223s] [34mcolcon.colcon_core.package_identification[0m [1;30mLevel 1[0m _identify(src/uros/micro-ROS-Agent/snap/local) by extensions ['cmake', 'python']
[0.223s] [34mcolcon.colcon_core.package_identification[0m [1;30mLevel 1[0m _identify(src/uros/micro-ROS-Agent/snap/local) by extension 'cmake'
[0.223s] [34mcolcon.colcon_core.package_identification[0m [1;30mLevel 1[0m _identify(src/uros/micro-ROS-Agent/snap/local) by extension 'python'
[0.223s] [34mcolcon.colcon_core.package_identification[0m [1;30mLevel 1[0m _identify(src/uros/micro-ROS-Agent/snap/local) by extensions ['python_setup_py']
[0.223s] [34mcolcon.colcon_core.package_identification[0m [1;30mLevel 1[0m _identify(src/uros/micro-ROS-Agent/snap/local) by extension 'python_setup_py'
[0.223s] [34mcolcon.colcon_core.package_identification[0m [1;30mLevel 1[0m _identify(src/uros/micro_ros_msgs) by extensions ['ignore', 'ignore_ament_install']
[0.223s] [34mcolcon.colcon_core.package_identification[0m [1;30mLevel 1[0m _identify(src/uros/micro_ros_msgs) by extension 'ignore'
[0.223s] [34mcolcon.colcon_core.package_identification[0m [1;30mLevel 1[0m _identify(src/uros/micro_ros_msgs) by extension 'ignore_ament_install'
[0.223s] [34mcolcon.colcon_core.package_identification[0m [1;30mLevel 1[0m _identify(src/uros/micro_ros_msgs) by extensions ['colcon_pkg']
[0.223s] [34mcolcon.colcon_core.package_identification[0m [1;30mLevel 1[0m _identify(src/uros/micro_ros_msgs) by extension 'colcon_pkg'
[0.223s] [34mcolcon.colcon_core.package_identification[0m [1;30mLevel 1[0m _identify(src/uros/micro_ros_msgs) by extensions ['colcon_meta']
[0.223s] [34mcolcon.colcon_core.package_identification[0m [1;30mLevel 1[0m _identify(src/uros/micro_ros_msgs) by extension 'colcon_meta'
[0.223s] [34mcolcon.colcon_core.package_identification[0m [1;30mLevel 1[0m _identify(src/uros/micro_ros_msgs) by extensions ['ros']
[0.223s] [34mcolcon.colcon_core.package_identification[0m [1;30mLevel 1[0m _identify(src/uros/micro_ros_msgs) by extension 'ros'
[0.224s] [34mcolcon.colcon_core.package_identification[0m [1;30mDEBUG[0m [32mPackage 'src/uros/micro_ros_msgs' with type 'ros.ament_cmake' and name 'micro_ros_msgs'[0m
[0.224s] [34mcolcon.colcon_core.package_discovery[0m [1;30mLevel 1[0m discover_packages(recursive) using defaults
[0.224s] [34mcolcon.colcon_core.package_discovery[0m [1;30mLevel 1[0m discover_packages(ignore) discover
[0.224s] [34mcolcon.colcon_core.package_discovery[0m [1;30mLevel 1[0m discover_packages(ignore) using defaults
[0.224s] [34mcolcon.colcon_core.package_discovery[0m [1;30mLevel 1[0m discover_packages(path) discover
[0.224s] [34mcolcon.colcon_core.package_discovery[0m [1;30mLevel 1[0m discover_packages(path) using defaults
[0.234s] [34mcolcon.colcon_core.package_discovery[0m [1;30mLevel 1[0m discover_packages(prefix_path) check parameters
[0.234s] [34mcolcon.colcon_core.package_discovery[0m [1;30mLevel 1[0m discover_packages(prefix_path) discover
[0.236s] [34mcolcon.colcon_installed_package_information.package_discovery[0m [1;30mDEBUG[0m [32mFound 324 installed packages in /opt/ros/humble[0m
[0.237s] [34mcolcon.colcon_core.package_discovery[0m [1;30mLevel 1[0m discover_packages(prefix_path) using defaults
[0.263s] [34mcolcon.colcon_core.verb[0m [1;30mLevel 5[0m set package 'micro_ros_msgs' build argument 'cmake_args' from command line to 'None'
[0.263s] [34mcolcon.colcon_core.verb[0m [1;30mLevel 5[0m set package 'micro_ros_msgs' build argument 'cmake_target' from command line to 'None'
[0.263s] [34mcolcon.colcon_core.verb[0m [1;30mLevel 5[0m set package 'micro_ros_msgs' build argument 'cmake_target_skip_unavailable' from command line to 'False'
[0.263s] [34mcolcon.colcon_core.verb[0m [1;30mLevel 5[0m set package 'micro_ros_msgs' build argument 'cmake_clean_cache' from command line to 'False'
[0.263s] [34mcolcon.colcon_core.verb[0m [1;30mLevel 5[0m set package 'micro_ros_msgs' build argument 'cmake_clean_first' from command line to 'False'
[0.263s] [34mcolcon.colcon_core.verb[0m [1;30mLevel 5[0m set package 'micro_ros_msgs' build argument 'cmake_force_configure' from command line to 'False'
[0.263s] [34mcolcon.colcon_core.verb[0m [1;30mLevel 5[0m set package 'micro_ros_msgs' build argument 'ament_cmake_args' from command line to 'None'
[0.263s] [34mcolcon.colcon_core.verb[0m [1;30mLevel 5[0m set package 'micro_ros_msgs' build argument 'catkin_cmake_args' from command line to 'None'
[0.263s] [34mcolcon.colcon_core.verb[0m [1;30mLevel 5[0m set package 'micro_ros_msgs' build argument 'catkin_skip_building_tests' from command line to 'False'
[0.263s] [34mcolcon.colcon_core.verb[0m [1;30mDEBUG[0m [32mBuilding package 'micro_ros_msgs' with the following arguments: {'ament_cmake_args': None, 'build_base': '/home/sunildj/stembotX2_ws/build/micro_ros_msgs', 'catkin_cmake_args': None, 'catkin_skip_building_tests': False, 'cmake_args': None, 'cmake_clean_cache': False, 'cmake_clean_first': False, 'cmake_force_configure': False, 'cmake_target': None, 'cmake_target_skip_unavailable': False, 'install_base': '/home/sunildj/stembotX2_ws/install/micro_ros_msgs', 'merge_install': False, 'path': '/home/sunildj/stembotX2_ws/src/uros/micro_ros_msgs', 'symlink_install': False, 'test_result_base': None}[0m
[0.263s] [34mcolcon.colcon_core.verb[0m [1;30mLevel 5[0m set package 'micro_ros_setup' build argument 'cmake_args' from command line to 'None'
[0.263s] [34mcolcon.colcon_core.verb[0m [1;30mLevel 5[0m set package 'micro_ros_setup' build argument 'cmake_target' from command line to 'None'
[0.263s] [34mcolcon.colcon_core.verb[0m [1;30mLevel 5[0m set package 'micro_ros_setup' build argument 'cmake_target_skip_unavailable' from command line to 'False'
[0.263s] [34mcolcon.colcon_core.verb[0m [1;30mLevel 5[0m set package 'micro_ros_setup' build argument 'cmake_clean_cache' from command line to 'False'
[0.263s] [34mcolcon.colcon_core.verb[0m [1;30mLevel 5[0m set package 'micro_ros_setup' build argument 'cmake_clean_first' from command line to 'False'
[0.263s] [34mcolcon.colcon_core.verb[0m [1;30mLevel 5[0m set package 'micro_ros_setup' build argument 'cmake_force_configure' from command line to 'False'
[0.263s] [34mcolcon.colcon_core.verb[0m [1;30mLevel 5[0m set package 'micro_ros_setup' build argument 'ament_cmake_args' from command line to 'None'
[0.263s] [34mcolcon.colcon_core.verb[0m [1;30mLevel 5[0m set package 'micro_ros_setup' build argument 'catkin_cmake_args' from command line to 'None'
[0.263s] [34mcolcon.colcon_core.verb[0m [1;30mLevel 5[0m set package 'micro_ros_setup' build argument 'catkin_skip_building_tests' from command line to 'False'
[0.264s] [34mcolcon.colcon_core.verb[0m [1;30mDEBUG[0m [32mBuilding package 'micro_ros_setup' with the following arguments: {'ament_cmake_args': None, 'build_base': '/home/sunildj/stembotX2_ws/build/micro_ros_setup', 'catkin_cmake_args': None, 'catkin_skip_building_tests': False, 'cmake_args': None, 'cmake_clean_cache': False, 'cmake_clean_first': False, 'cmake_force_configure': False, 'cmake_target': None, 'cmake_target_skip_unavailable': False, 'install_base': '/home/sunildj/stembotX2_ws/install/micro_ros_setup', 'merge_install': False, 'path': '/home/sunildj/stembotX2_ws/src/micro_ros_setup', 'symlink_install': False, 'test_result_base': None}[0m
[0.264s] [34mcolcon.colcon_core.verb[0m [1;30mLevel 5[0m set package 'sllidar_ros2' build argument 'cmake_args' from command line to 'None'
[0.264s] [34mcolcon.colcon_core.verb[0m [1;30mLevel 5[0m set package 'sllidar_ros2' build argument 'cmake_target' from command line to 'None'
[0.264s] [34mcolcon.colcon_core.verb[0m [1;30mLevel 5[0m set package 'sllidar_ros2' build argument 'cmake_target_skip_unavailable' from command line to 'False'
[0.264s] [34mcolcon.colcon_core.verb[0m [1;30mLevel 5[0m set package 'sllidar_ros2' build argument 'cmake_clean_cache' from command line to 'False'
[0.264s] [34mcolcon.colcon_core.verb[0m [1;30mLevel 5[0m set package 'sllidar_ros2' build argument 'cmake_clean_first' from command line to 'False'
[0.264s] [34mcolcon.colcon_core.verb[0m [1;30mLevel 5[0m set package 'sllidar_ros2' build argument 'cmake_force_configure' from command line to 'False'
[0.264s] [34mcolcon.colcon_core.verb[0m [1;30mLevel 5[0m set package 'sllidar_ros2' build argument 'ament_cmake_args' from command line to 'None'
[0.264s] [34mcolcon.colcon_core.verb[0m [1;30mLevel 5[0m set package 'sllidar_ros2' build argument 'catkin_cmake_args' from command line to 'None'
[0.264s] [34mcolcon.colcon_core.verb[0m [1;30mLevel 5[0m set package 'sllidar_ros2' build argument 'catkin_skip_building_tests' from command line to 'False'
[0.264s] [34mcolcon.colcon_core.verb[0m [1;30mDEBUG[0m [32mBuilding package 'sllidar_ros2' with the following arguments: {'ament_cmake_args': None, 'build_base': '/home/sunildj/stembotX2_ws/build/sllidar_ros2', 'catkin_cmake_args': None, 'catkin_skip_building_tests': False, 'cmake_args': None, 'cmake_clean_cache': False, 'cmake_clean_first': False, 'cmake_force_configure': False, 'cmake_target': None, 'cmake_target_skip_unavailable': False, 'install_base': '/home/sunildj/stembotX2_ws/install/sllidar_ros2', 'merge_install': False, 'path': '/home/sunildj/stembotX2_ws/sllidar_ros2', 'symlink_install': False, 'test_result_base': None}[0m
[0.264s] [34mcolcon.colcon_core.verb[0m [1;30mLevel 5[0m set package 'micro_ros_agent' build argument 'cmake_args' from command line to 'None'
[0.264s] [34mcolcon.colcon_core.verb[0m [1;30mLevel 5[0m set package 'micro_ros_agent' build argument 'cmake_target' from command line to 'None'
[0.264s] [34mcolcon.colcon_core.verb[0m [1;30mLevel 5[0m set package 'micro_ros_agent' build argument 'cmake_target_skip_unavailable' from command line to 'False'
[0.264s] [34mcolcon.colcon_core.verb[0m [1;30mLevel 5[0m set package 'micro_ros_agent' build argument 'cmake_clean_cache' from command line to 'False'
[0.264s] [34mcolcon.colcon_core.verb[0m [1;30mLevel 5[0m set package 'micro_ros_agent' build argument 'cmake_clean_first' from command line to 'False'
[0.264s] [34mcolcon.colcon_core.verb[0m [1;30mLevel 5[0m set package 'micro_ros_agent' build argument 'cmake_force_configure' from command line to 'False'
[0.264s] [34mcolcon.colcon_core.verb[0m [1;30mLevel 5[0m set package 'micro_ros_agent' build argument 'ament_cmake_args' from command line to 'None'
[0.264s] [34mcolcon.colcon_core.verb[0m [1;30mLevel 5[0m set package 'micro_ros_agent' build argument 'catkin_cmake_args' from command line to 'None'
[0.264s] [34mcolcon.colcon_core.verb[0m [1;30mLevel 5[0m set package 'micro_ros_agent' build argument 'catkin_skip_building_tests' from command line to 'False'
[0.264s] [34mcolcon.colcon_core.verb[0m [1;30mDEBUG[0m [32mBuilding package 'micro_ros_agent' with the following arguments: {'ament_cmake_args': None, 'build_base': '/home/sunildj/stembotX2_ws/build/micro_ros_agent', 'catkin_cmake_args': None, 'catkin_skip_building_tests': False, 'cmake_args': None, 'cmake_clean_cache': False, 'cmake_clean_first': False, 'cmake_force_configure': False, 'cmake_target': None, 'cmake_target_skip_unavailable': False, 'install_base': '/home/sunildj/stembotX2_ws/install/micro_ros_agent', 'merge_install': False, 'path': '/home/sunildj/stembotX2_ws/src/uros/micro-ROS-Agent/micro_ros_agent', 'symlink_install': False, 'test_result_base': None}[0m
[0.264s] [34mcolcon.colcon_core.executor[0m [1;30mINFO[0m Executing jobs using 'parallel' executor
[0.265s] [34mcolcon.colcon_parallel_executor.executor.parallel[0m [1;30mDEBUG[0m [32mrun_until_complete[0m
[0.265s] [34mcolcon.colcon_ros.task.ament_cmake.build[0m [1;30mINFO[0m Building ROS package in '/home/sunildj/stembotX2_ws/src/uros/micro_ros_msgs' with build type 'ament_cmake'
[0.265s] [34mcolcon.colcon_cmake.task.cmake.build[0m [1;30mINFO[0m Building CMake package in '/home/sunildj/stembotX2_ws/src/uros/micro_ros_msgs'
[0.266s] [34mcolcon.colcon_core.plugin_system[0m [1;30mINFO[0m Skipping extension 'colcon_core.shell.bat': Not used on non-Windows systems
[0.267s] [34mcolcon.colcon_core.shell[0m [1;30mINFO[0m Skip shell extension 'powershell' for command environment: Not usable outside of PowerShell
[0.267s] [34mcolcon.colcon_core.shell[0m [1;30mDEBUG[0m [32mSkip shell extension 'dsv' for command environment[0m
[0.269s] [34mcolcon.colcon_ros.task.ament_cmake.build[0m [1;30mINFO[0m Building ROS package in '/home/sunildj/stembotX2_ws/src/micro_ros_setup' with build type 'ament_cmake'
[0.269s] [34mcolcon.colcon_cmake.task.cmake.build[0m [1;30mINFO[0m Building CMake package in '/home/sunildj/stembotX2_ws/src/micro_ros_setup'
[0.269s] [34mcolcon.colcon_core.shell[0m [1;30mINFO[0m Skip shell extension 'powershell' for command environment: Not usable outside of PowerShell
[0.269s] [34mcolcon.colcon_core.shell[0m [1;30mDEBUG[0m [32mSkip shell extension 'dsv' for command environment[0m
[0.271s] [34mcolcon.colcon_ros.task.ament_cmake.build[0m [1;30mINFO[0m Building ROS package in '/home/sunildj/stembotX2_ws/sllidar_ros2' with build type 'ament_cmake'
[0.271s] [34mcolcon.colcon_cmake.task.cmake.build[0m [1;30mINFO[0m Building CMake package in '/home/sunildj/stembotX2_ws/sllidar_ros2'
[0.271s] [34mcolcon.colcon_core.shell[0m [1;30mINFO[0m Skip shell extension 'powershell' for command environment: Not usable outside of PowerShell
[0.271s] [34mcolcon.colcon_core.shell[0m [1;30mDEBUG[0m [32mSkip shell extension 'dsv' for command environment[0m
[0.275s] [34mcolcon.colcon_core.event_handler.log_command[0m [1;30mDEBUG[0m [32mInvoking command in '/home/sunildj/stembotX2_ws/build/micro_ros_msgs': CMAKE_PREFIX_PATH=/opt/ros/humble /usr/bin/cmake /home/sunildj/stembotX2_ws/src/uros/micro_ros_msgs -DCMAKE_INSTALL_PREFIX=/home/sunildj/stembotX2_ws/install/micro_ros_msgs[0m
[0.276s] [34mcolcon.colcon_core.event_handler.log_command[0m [1;30mDEBUG[0m [32mInvoking command in '/home/sunildj/stembotX2_ws/build/micro_ros_setup': CMAKE_PREFIX_PATH=/opt/ros/humble /usr/bin/cmake /home/sunildj/stembotX2_ws/src/micro_ros_setup -DCMAKE_INSTALL_PREFIX=/home/sunildj/stembotX2_ws/install/micro_ros_setup[0m
[0.278s] [34mcolcon.colcon_core.event_handler.log_command[0m [1;30mDEBUG[0m [32mInvoking command in '/home/sunildj/stembotX2_ws/build/sllidar_ros2': CMAKE_PREFIX_PATH=/opt/ros/humble /usr/bin/cmake /home/sunildj/stembotX2_ws/sllidar_ros2 -DCMAKE_INSTALL_PREFIX=/home/sunildj/stembotX2_ws/install/sllidar_ros2[0m
[0.724s] [34mcolcon.colcon_core.event_handler.log_command[0m [1;30mDEBUG[0m [32mInvoked command in '/home/sunildj/stembotX2_ws/build/micro_ros_setup' returned '0': CMAKE_PREFIX_PATH=/opt/ros/humble /usr/bin/cmake /home/sunildj/stembotX2_ws/src/micro_ros_setup -DCMAKE_INSTALL_PREFIX=/home/sunildj/stembotX2_ws/install/micro_ros_setup[0m
[0.725s] [34mcolcon.colcon_core.event_handler.log_command[0m [1;30mDEBUG[0m [32mInvoking command in '/home/sunildj/stembotX2_ws/build/micro_ros_setup': CMAKE_PREFIX_PATH=/opt/ros/humble /usr/bin/cmake --build /home/sunildj/stembotX2_ws/build/micro_ros_setup -- -j16 -l16[0m
[0.751s] [34mcolcon.colcon_core.event_handler.log_command[0m [1;30mDEBUG[0m [32mInvoked command in '/home/sunildj/stembotX2_ws/build/micro_ros_setup' returned '0': CMAKE_PREFIX_PATH=/opt/ros/humble /usr/bin/cmake --build /home/sunildj/stembotX2_ws/build/micro_ros_setup -- -j16 -l16[0m
[0.772s] [34mcolcon.colcon_core.event_handler.log_command[0m [1;30mDEBUG[0m [32mInvoking command in '/home/sunildj/stembotX2_ws/build/micro_ros_setup': CMAKE_PREFIX_PATH=/opt/ros/humble /usr/bin/cmake --install /home/sunildj/stembotX2_ws/build/micro_ros_setup[0m
[0.794s] [34mcolcon.colcon_core.environment[0m [1;30mLevel 1[0m create_environment_scripts_only(micro_ros_setup)
[0.794s] [34mcolcon.colcon_core.event_handler.log_command[0m [1;30mDEBUG[0m [32mInvoked command in '/home/sunildj/stembotX2_ws/build/micro_ros_setup' returned '0': CMAKE_PREFIX_PATH=/opt/ros/humble /usr/bin/cmake --install /home/sunildj/stembotX2_ws/build/micro_ros_setup[0m
[0.796s] [34mcolcon.colcon_core.environment[0m [1;30mLevel 1[0m checking '/home/sunildj/stembotX2_ws/install/micro_ros_setup' for CMake module files
[0.796s] [34mcolcon.colcon_core.environment[0m [1;30mLevel 1[0m checking '/home/sunildj/stembotX2_ws/install/micro_ros_setup' for CMake config files
[0.797s] [34mcolcon.colcon_core.shell[0m [1;30mLevel 1[0m create_environment_hook('micro_ros_setup', 'cmake_prefix_path')
[0.797s] [34mcolcon.colcon_core.shell[0m [1;30mINFO[0m Creating environment hook '/home/sunildj/stembotX2_ws/install/micro_ros_setup/share/micro_ros_setup/hook/cmake_prefix_path.ps1'
[0.797s] [34mcolcon.colcon_core.shell[0m [1;30mINFO[0m Creating environment descriptor '/home/sunildj/stembotX2_ws/install/micro_ros_setup/share/micro_ros_setup/hook/cmake_prefix_path.dsv'
[0.798s] [34mcolcon.colcon_core.shell[0m [1;30mINFO[0m Creating environment hook '/home/sunildj/stembotX2_ws/install/micro_ros_setup/share/micro_ros_setup/hook/cmake_prefix_path.sh'
[0.798s] [34mcolcon.colcon_core.environment[0m [1;30mLevel 1[0m checking '/home/sunildj/stembotX2_ws/install/micro_ros_setup/lib'
[0.799s] [34mcolcon.colcon_core.environment[0m [1;30mLevel 1[0m checking '/home/sunildj/stembotX2_ws/install/micro_ros_setup/bin'
[0.799s] [34mcolcon.colcon_core.environment[0m [1;30mLevel 1[0m checking '/home/sunildj/stembotX2_ws/install/micro_ros_setup/lib/pkgconfig/micro_ros_setup.pc'
[0.799s] [34mcolcon.colcon_core.environment[0m [1;30mLevel 1[0m checking '/home/sunildj/stembotX2_ws/install/micro_ros_setup/lib/python3.10/site-packages'
[0.799s] [34mcolcon.colcon_core.environment[0m [1;30mLevel 1[0m checking '/home/sunildj/stembotX2_ws/install/micro_ros_setup/bin'
[0.799s] [34mcolcon.colcon_core.shell[0m [1;30mINFO[0m Creating package script '/home/sunildj/stembotX2_ws/install/micro_ros_setup/share/micro_ros_setup/package.ps1'
[0.799s] [34mcolcon.colcon_core.shell[0m [1;30mINFO[0m Creating package descriptor '/home/sunildj/stembotX2_ws/install/micro_ros_setup/share/micro_ros_setup/package.dsv'
[0.800s] [34mcolcon.colcon_core.shell[0m [1;30mINFO[0m Creating package script '/home/sunildj/stembotX2_ws/install/micro_ros_setup/share/micro_ros_setup/package.sh'
[0.800s] [34mcolcon.colcon_core.shell[0m [1;30mINFO[0m Creating package script '/home/sunildj/stembotX2_ws/install/micro_ros_setup/share/micro_ros_setup/package.bash'
[0.801s] [34mcolcon.colcon_core.shell[0m [1;30mINFO[0m Creating package script '/home/sunildj/stembotX2_ws/install/micro_ros_setup/share/micro_ros_setup/package.zsh'
[0.801s] [34mcolcon.colcon_core.environment[0m [1;30mLevel 1[0m create_file_with_runtime_dependencies(/home/sunildj/stembotX2_ws/install/micro_ros_setup/share/colcon-core/packages/micro_ros_setup)
[0.817s] [34mcolcon.colcon_core.environment[0m [1;30mLevel 1[0m create_environment_scripts_only(micro_ros_setup)
[0.817s] [34mcolcon.colcon_core.environment[0m [1;30mLevel 1[0m checking '/home/sunildj/stembotX2_ws/install/micro_ros_setup' for CMake module files
[0.818s] [34mcolcon.colcon_core.environment[0m [1;30mLevel 1[0m checking '/home/sunildj/stembotX2_ws/install/micro_ros_setup' for CMake config files
[0.818s] [34mcolcon.colcon_core.shell[0m [1;30mLevel 1[0m create_environment_hook('micro_ros_setup', 'cmake_prefix_path')
[0.818s] [34mcolcon.colcon_core.shell[0m [1;30mINFO[0m Creating environment hook '/home/sunildj/stembotX2_ws/install/micro_ros_setup/share/micro_ros_setup/hook/cmake_prefix_path.ps1'
[0.819s] [34mcolcon.colcon_core.shell[0m [1;30mINFO[0m Creating environment descriptor '/home/sunildj/stembotX2_ws/install/micro_ros_setup/share/micro_ros_setup/hook/cmake_prefix_path.dsv'
[0.819s] [34mcolcon.colcon_core.shell[0m [1;30mINFO[0m Creating environment hook '/home/sunildj/stembotX2_ws/install/micro_ros_setup/share/micro_ros_setup/hook/cmake_prefix_path.sh'
[0.819s] [34mcolcon.colcon_core.environment[0m [1;30mLevel 1[0m checking '/home/sunildj/stembotX2_ws/install/micro_ros_setup/lib'
[0.820s] [34mcolcon.colcon_core.environment[0m [1;30mLevel 1[0m checking '/home/sunildj/stembotX2_ws/install/micro_ros_setup/bin'
[0.820s] [34mcolcon.colcon_core.environment[0m [1;30mLevel 1[0m checking '/home/sunildj/stembotX2_ws/install/micro_ros_setup/lib/pkgconfig/micro_ros_setup.pc'
[0.820s] [34mcolcon.colcon_core.environment[0m [1;30mLevel 1[0m checking '/home/sunildj/stembotX2_ws/install/micro_ros_setup/lib/python3.10/site-packages'
[0.820s] [34mcolcon.colcon_core.environment[0m [1;30mLevel 1[0m checking '/home/sunildj/stembotX2_ws/install/micro_ros_setup/bin'
[0.820s] [34mcolcon.colcon_core.shell[0m [1;30mINFO[0m Creating package script '/home/sunildj/stembotX2_ws/install/micro_ros_setup/share/micro_ros_setup/package.ps1'
[0.821s] [34mcolcon.colcon_core.shell[0m [1;30mINFO[0m Creating package descriptor '/home/sunildj/stembotX2_ws/install/micro_ros_setup/share/micro_ros_setup/package.dsv'
[0.821s] [34mcolcon.colcon_core.shell[0m [1;30mINFO[0m Creating package script '/home/sunildj/stembotX2_ws/install/micro_ros_setup/share/micro_ros_setup/package.sh'
[0.821s] [34mcolcon.colcon_core.shell[0m [1;30mINFO[0m Creating package script '/home/sunildj/stembotX2_ws/install/micro_ros_setup/share/micro_ros_setup/package.bash'
[0.821s] [34mcolcon.colcon_core.shell[0m [1;30mINFO[0m Creating package script '/home/sunildj/stembotX2_ws/install/micro_ros_setup/share/micro_ros_setup/package.zsh'
[0.822s] [34mcolcon.colcon_core.environment[0m [1;30mLevel 1[0m create_file_with_runtime_dependencies(/home/sunildj/stembotX2_ws/install/micro_ros_setup/share/colcon-core/packages/micro_ros_setup)
[1.230s] [34mcolcon.colcon_core.event_handler.log_command[0m [1;30mDEBUG[0m [32mInvoked command in '/home/sunildj/stembotX2_ws/build/sllidar_ros2' returned '0': CMAKE_PREFIX_PATH=/opt/ros/humble /usr/bin/cmake /home/sunildj/stembotX2_ws/sllidar_ros2 -DCMAKE_INSTALL_PREFIX=/home/sunildj/stembotX2_ws/install/sllidar_ros2[0m
[1.231s] [34mcolcon.colcon_core.event_handler.log_command[0m [1;30mDEBUG[0m [32mInvoking command in '/home/sunildj/stembotX2_ws/build/sllidar_ros2': CMAKE_PREFIX_PATH=/opt/ros/humble /usr/bin/cmake --build /home/sunildj/stembotX2_ws/build/sllidar_ros2 -- -j16 -l16[0m
[1.266s] [34mcolcon.colcon_core.event_handler.log_command[0m [1;30mDEBUG[0m [32mInvoked command in '/home/sunildj/stembotX2_ws/build/micro_ros_msgs' returned '0': CMAKE_PREFIX_PATH=/opt/ros/humble /usr/bin/cmake /home/sunildj/stembotX2_ws/src/uros/micro_ros_msgs -DCMAKE_INSTALL_PREFIX=/home/sunildj/stembotX2_ws/install/micro_ros_msgs[0m
[1.267s] [34mcolcon.colcon_core.event_handler.log_command[0m [1;30mDEBUG[0m [32mInvoking command in '/home/sunildj/stembotX2_ws/build/micro_ros_msgs': CMAKE_PREFIX_PATH=/opt/ros/humble /usr/bin/cmake --build /home/sunildj/stembotX2_ws/build/micro_ros_msgs -- -j16 -l16[0m
[3.400s] [34mcolcon.colcon_core.event_handler.log_command[0m [1;30mDEBUG[0m [32mInvoked command in '/home/sunildj/stembotX2_ws/build/micro_ros_msgs' returned '0': CMAKE_PREFIX_PATH=/opt/ros/humble /usr/bin/cmake --build /home/sunildj/stembotX2_ws/build/micro_ros_msgs -- -j16 -l16[0m
[3.462s] [34mcolcon.colcon_core.event_handler.log_command[0m [1;30mDEBUG[0m [32mInvoking command in '/home/sunildj/stembotX2_ws/build/micro_ros_msgs': CMAKE_PREFIX_PATH=/opt/ros/humble /usr/bin/cmake --install /home/sunildj/stembotX2_ws/build/micro_ros_msgs[0m
[3.514s] [34mcolcon.colcon_core.environment[0m [1;30mLevel 1[0m create_environment_scripts_only(micro_ros_msgs)
[3.515s] [34mcolcon.colcon_core.environment[0m [1;30mLevel 1[0m checking '/home/sunildj/stembotX2_ws/install/micro_ros_msgs' for CMake module files
[3.515s] [34mcolcon.colcon_core.event_handler.log_command[0m [1;30mDEBUG[0m [32mInvoked command in '/home/sunildj/stembotX2_ws/build/micro_ros_msgs' returned '0': CMAKE_PREFIX_PATH=/opt/ros/humble /usr/bin/cmake --install /home/sunildj/stembotX2_ws/build/micro_ros_msgs[0m
[3.515s] [34mcolcon.colcon_core.environment[0m [1;30mLevel 1[0m checking '/home/sunildj/stembotX2_ws/install/micro_ros_msgs' for CMake config files
[3.516s] [34mcolcon.colcon_core.shell[0m [1;30mLevel 1[0m create_environment_hook('micro_ros_msgs', 'cmake_prefix_path')
[3.516s] [34mcolcon.colcon_core.shell[0m [1;30mINFO[0m Creating environment hook '/home/sunildj/stembotX2_ws/install/micro_ros_msgs/share/micro_ros_msgs/hook/cmake_prefix_path.ps1'
[3.516s] [34mcolcon.colcon_core.shell[0m [1;30mINFO[0m Creating environment descriptor '/home/sunildj/stembotX2_ws/install/micro_ros_msgs/share/micro_ros_msgs/hook/cmake_prefix_path.dsv'
[3.516s] [34mcolcon.colcon_core.shell[0m [1;30mINFO[0m Creating environment hook '/home/sunildj/stembotX2_ws/install/micro_ros_msgs/share/micro_ros_msgs/hook/cmake_prefix_path.sh'
[3.517s] [34mcolcon.colcon_core.environment[0m [1;30mLevel 1[0m checking '/home/sunildj/stembotX2_ws/install/micro_ros_msgs/lib'
[3.517s] [34mcolcon.colcon_core.shell[0m [1;30mLevel 1[0m create_environment_hook('micro_ros_msgs', 'ld_library_path_lib')
[3.517s] [34mcolcon.colcon_core.shell[0m [1;30mINFO[0m Creating environment hook '/home/sunildj/stembotX2_ws/install/micro_ros_msgs/share/micro_ros_msgs/hook/ld_library_path_lib.ps1'
[3.517s] [34mcolcon.colcon_core.shell[0m [1;30mINFO[0m Creating environment descriptor '/home/sunildj/stembotX2_ws/install/micro_ros_msgs/share/micro_ros_msgs/hook/ld_library_path_lib.dsv'
[3.517s] [34mcolcon.colcon_core.shell[0m [1;30mINFO[0m Creating environment hook '/home/sunildj/stembotX2_ws/install/micro_ros_msgs/share/micro_ros_msgs/hook/ld_library_path_lib.sh'
[3.517s] [34mcolcon.colcon_core.environment[0m [1;30mLevel 1[0m checking '/home/sunildj/stembotX2_ws/install/micro_ros_msgs/bin'
[3.517s] [34mcolcon.colcon_core.environment[0m [1;30mLevel 1[0m checking '/home/sunildj/stembotX2_ws/install/micro_ros_msgs/lib/pkgconfig/micro_ros_msgs.pc'
[3.518s] [34mcolcon.colcon_core.environment[0m [1;30mLevel 1[0m checking '/home/sunildj/stembotX2_ws/install/micro_ros_msgs/lib/python3.10/site-packages'
[3.518s] [34mcolcon.colcon_core.environment[0m [1;30mLevel 1[0m checking '/home/sunildj/stembotX2_ws/install/micro_ros_msgs/bin'
[3.518s] [34mcolcon.colcon_core.shell[0m [1;30mINFO[0m Creating package script '/home/sunildj/stembotX2_ws/install/micro_ros_msgs/share/micro_ros_msgs/package.ps1'
[3.518s] [34mcolcon.colcon_core.shell[0m [1;30mINFO[0m Creating package descriptor '/home/sunildj/stembotX2_ws/install/micro_ros_msgs/share/micro_ros_msgs/package.dsv'
[3.518s] [34mcolcon.colcon_core.shell[0m [1;30mINFO[0m Creating package script '/home/sunildj/stembotX2_ws/install/micro_ros_msgs/share/micro_ros_msgs/package.sh'
[3.519s] [34mcolcon.colcon_core.shell[0m [1;30mINFO[0m Creating package script '/home/sunildj/stembotX2_ws/install/micro_ros_msgs/share/micro_ros_msgs/package.bash'
[3.519s] [34mcolcon.colcon_core.shell[0m [1;30mINFO[0m Creating package script '/home/sunildj/stembotX2_ws/install/micro_ros_msgs/share/micro_ros_msgs/package.zsh'
[3.519s] [34mcolcon.colcon_core.environment[0m [1;30mLevel 1[0m create_file_with_runtime_dependencies(/home/sunildj/stembotX2_ws/install/micro_ros_msgs/share/colcon-core/packages/micro_ros_msgs)
[3.584s] [34mcolcon.colcon_core.environment[0m [1;30mLevel 1[0m create_environment_scripts_only(micro_ros_msgs)
[3.584s] [34mcolcon.colcon_core.environment[0m [1;30mLevel 1[0m checking '/home/sunildj/stembotX2_ws/install/micro_ros_msgs' for CMake module files
[3.585s] [34mcolcon.colcon_core.environment[0m [1;30mLevel 1[0m checking '/home/sunildj/stembotX2_ws/install/micro_ros_msgs' for CMake config files
[3.585s] [34mcolcon.colcon_core.shell[0m [1;30mLevel 1[0m create_environment_hook('micro_ros_msgs', 'cmake_prefix_path')
[3.585s] [34mcolcon.colcon_core.shell[0m [1;30mINFO[0m Creating environment hook '/home/sunildj/stembotX2_ws/install/micro_ros_msgs/share/micro_ros_msgs/hook/cmake_prefix_path.ps1'
[3.586s] [34mcolcon.colcon_core.shell[0m [1;30mINFO[0m Creating environment descriptor '/home/sunildj/stembotX2_ws/install/micro_ros_msgs/share/micro_ros_msgs/hook/cmake_prefix_path.dsv'
[3.586s] [34mcolcon.colcon_core.shell[0m [1;30mINFO[0m Creating environment hook '/home/sunildj/stembotX2_ws/install/micro_ros_msgs/share/micro_ros_msgs/hook/cmake_prefix_path.sh'
[3.586s] [34mcolcon.colcon_core.environment[0m [1;30mLevel 1[0m checking '/home/sunildj/stembotX2_ws/install/micro_ros_msgs/lib'
[3.586s] [34mcolcon.colcon_core.shell[0m [1;30mLevel 1[0m create_environment_hook('micro_ros_msgs', 'ld_library_path_lib')
[3.586s] [34mcolcon.colcon_core.shell[0m [1;30mINFO[0m Creating environment hook '/home/sunildj/stembotX2_ws/install/micro_ros_msgs/share/micro_ros_msgs/hook/ld_library_path_lib.ps1'
[3.587s] [34mcolcon.colcon_core.shell[0m [1;30mINFO[0m Creating environment descriptor '/home/sunildj/stembotX2_ws/install/micro_ros_msgs/share/micro_ros_msgs/hook/ld_library_path_lib.dsv'
[3.587s] [34mcolcon.colcon_core.shell[0m [1;30mINFO[0m Creating environment hook '/home/sunildj/stembotX2_ws/install/micro_ros_msgs/share/micro_ros_msgs/hook/ld_library_path_lib.sh'
[3.587s] [34mcolcon.colcon_core.environment[0m [1;30mLevel 1[0m checking '/home/sunildj/stembotX2_ws/install/micro_ros_msgs/bin'
[3.587s] [34mcolcon.colcon_core.environment[0m [1;30mLevel 1[0m checking '/home/sunildj/stembotX2_ws/install/micro_ros_msgs/lib/pkgconfig/micro_ros_msgs.pc'
[3.587s] [34mcolcon.colcon_core.environment[0m [1;30mLevel 1[0m checking '/home/sunildj/stembotX2_ws/install/micro_ros_msgs/lib/python3.10/site-packages'
[3.587s] [34mcolcon.colcon_core.environment[0m [1;30mLevel 1[0m checking '/home/sunildj/stembotX2_ws/install/micro_ros_msgs/bin'
[3.587s] [34mcolcon.colcon_core.shell[0m [1;30mINFO[0m Creating package script '/home/sunildj/stembotX2_ws/install/micro_ros_msgs/share/micro_ros_msgs/package.ps1'
[3.588s] [34mcolcon.colcon_core.shell[0m [1;30mINFO[0m Creating package descriptor '/home/sunildj/stembotX2_ws/install/micro_ros_msgs/share/micro_ros_msgs/package.dsv'
[3.588s] [34mcolcon.colcon_core.shell[0m [1;30mINFO[0m Creating package script '/home/sunildj/stembotX2_ws/install/micro_ros_msgs/share/micro_ros_msgs/package.sh'
[3.588s] [34mcolcon.colcon_core.shell[0m [1;30mINFO[0m Creating package script '/home/sunildj/stembotX2_ws/install/micro_ros_msgs/share/micro_ros_msgs/package.bash'
[3.589s] [34mcolcon.colcon_core.shell[0m [1;30mINFO[0m Creating package script '/home/sunildj/stembotX2_ws/install/micro_ros_msgs/share/micro_ros_msgs/package.zsh'
[3.589s] [34mcolcon.colcon_core.environment[0m [1;30mLevel 1[0m create_file_with_runtime_dependencies(/home/sunildj/stembotX2_ws/install/micro_ros_msgs/share/colcon-core/packages/micro_ros_msgs)
[3.589s] [34mcolcon.colcon_ros.task.ament_cmake.build[0m [1;30mINFO[0m Building ROS package in '/home/sunildj/stembotX2_ws/src/uros/micro-ROS-Agent/micro_ros_agent' with build type 'ament_cmake'
[3.589s] [34mcolcon.colcon_cmake.task.cmake.build[0m [1;30mINFO[0m Building CMake package in '/home/sunildj/stembotX2_ws/src/uros/micro-ROS-Agent/micro_ros_agent'
[3.589s] [34mcolcon.colcon_core.shell[0m [1;30mINFO[0m Skip shell extension 'powershell' for command environment: Not usable outside of PowerShell
[3.589s] [34mcolcon.colcon_core.shell[0m [1;30mDEBUG[0m [32mSkip shell extension 'dsv' for command environment[0m
[3.596s] [34mcolcon.colcon_core.event_handler.log_command[0m [1;30mDEBUG[0m [32mInvoking command in '/home/sunildj/stembotX2_ws/build/micro_ros_agent': AMENT_PREFIX_PATH=/home/sunildj/stembotX2_ws/install/micro_ros_msgs:${AMENT_PREFIX_PATH} CMAKE_PREFIX_PATH=/home/sunildj/stembotX2_ws/install/micro_ros_msgs:/opt/ros/humble LD_LIBRARY_PATH=/home/sunildj/stembotX2_ws/install/micro_ros_msgs/lib:${LD_LIBRARY_PATH} PYTHONPATH=/home/sunildj/stembotX2_ws/install/micro_ros_msgs/local/lib/python3.10/dist-packages:${PYTHONPATH} /usr/bin/cmake /home/sunildj/stembotX2_ws/src/uros/micro-ROS-Agent/micro_ros_agent -DCMAKE_INSTALL_PREFIX=/home/sunildj/stembotX2_ws/install/micro_ros_agent[0m
[3.842s] [34mcolcon.colcon_core.event_handler.log_command[0m [1;30mDEBUG[0m [32mInvoked command in '/home/sunildj/stembotX2_ws/build/micro_ros_agent' returned '0': AMENT_PREFIX_PATH=/home/sunildj/stembotX2_ws/install/micro_ros_msgs:${AMENT_PREFIX_PATH} CMAKE_PREFIX_PATH=/home/sunildj/stembotX2_ws/install/micro_ros_msgs:/opt/ros/humble LD_LIBRARY_PATH=/home/sunildj/stembotX2_ws/install/micro_ros_msgs/lib:${LD_LIBRARY_PATH} PYTHONPATH=/home/sunildj/stembotX2_ws/install/micro_ros_msgs/local/lib/python3.10/dist-packages:${PYTHONPATH} /usr/bin/cmake /home/sunildj/stembotX2_ws/src/uros/micro-ROS-Agent/micro_ros_agent -DCMAKE_INSTALL_PREFIX=/home/sunildj/stembotX2_ws/install/micro_ros_agent[0m
[3.843s] [34mcolcon.colcon_core.event_handler.log_command[0m [1;30mDEBUG[0m [32mInvoking command in '/home/sunildj/stembotX2_ws/build/micro_ros_agent': AMENT_PREFIX_PATH=/home/sunildj/stembotX2_ws/install/micro_ros_msgs:${AMENT_PREFIX_PATH} CMAKE_PREFIX_PATH=/home/sunildj/stembotX2_ws/install/micro_ros_msgs:/opt/ros/humble LD_LIBRARY_PATH=/home/sunildj/stembotX2_ws/install/micro_ros_msgs/lib:${LD_LIBRARY_PATH} PYTHONPATH=/home/sunildj/stembotX2_ws/install/micro_ros_msgs/local/lib/python3.10/dist-packages:${PYTHONPATH} /usr/bin/cmake --build /home/sunildj/stembotX2_ws/build/micro_ros_agent -- -j16 -l16[0m
[7.082s] [34mcolcon.colcon_core.event_handler.log_command[0m [1;30mDEBUG[0m [32mInvoked command in '/home/sunildj/stembotX2_ws/build/sllidar_ros2' returned '0': CMAKE_PREFIX_PATH=/opt/ros/humble /usr/bin/cmake --build /home/sunildj/stembotX2_ws/build/sllidar_ros2 -- -j16 -l16[0m
[7.127s] [34mcolcon.colcon_core.event_handler.log_command[0m [1;30mDEBUG[0m [32mInvoking command in '/home/sunildj/stembotX2_ws/build/sllidar_ros2': CMAKE_PREFIX_PATH=/opt/ros/humble /usr/bin/cmake --install /home/sunildj/stembotX2_ws/build/sllidar_ros2[0m
[7.143s] [34mcolcon.colcon_core.environment[0m [1;30mLevel 1[0m create_environment_scripts_only(sllidar_ros2)
[7.143s] [34mcolcon.colcon_core.environment[0m [1;30mLevel 1[0m checking '/home/sunildj/stembotX2_ws/install/sllidar_ros2' for CMake module files
[7.144s] [34mcolcon.colcon_core.event_handler.log_command[0m [1;30mDEBUG[0m [32mInvoked command in '/home/sunildj/stembotX2_ws/build/sllidar_ros2' returned '0': CMAKE_PREFIX_PATH=/opt/ros/humble /usr/bin/cmake --install /home/sunildj/stembotX2_ws/build/sllidar_ros2[0m
[7.144s] [34mcolcon.colcon_core.environment[0m [1;30mLevel 1[0m checking '/home/sunildj/stembotX2_ws/install/sllidar_ros2' for CMake config files
[7.144s] [34mcolcon.colcon_core.shell[0m [1;30mLevel 1[0m create_environment_hook('sllidar_ros2', 'cmake_prefix_path')
[7.144s] [34mcolcon.colcon_core.shell[0m [1;30mINFO[0m Creating environment hook '/home/sunildj/stembotX2_ws/install/sllidar_ros2/share/sllidar_ros2/hook/cmake_prefix_path.ps1'
[7.144s] [34mcolcon.colcon_core.shell[0m [1;30mINFO[0m Creating environment descriptor '/home/sunildj/stembotX2_ws/install/sllidar_ros2/share/sllidar_ros2/hook/cmake_prefix_path.dsv'
[7.145s] [34mcolcon.colcon_core.shell[0m [1;30mINFO[0m Creating environment hook '/home/sunildj/stembotX2_ws/install/sllidar_ros2/share/sllidar_ros2/hook/cmake_prefix_path.sh'
[7.145s] [34mcolcon.colcon_core.environment[0m [1;30mLevel 1[0m checking '/home/sunildj/stembotX2_ws/install/sllidar_ros2/lib'
[7.145s] [34mcolcon.colcon_core.environment[0m [1;30mLevel 1[0m checking '/home/sunildj/stembotX2_ws/install/sllidar_ros2/bin'
[7.145s] [34mcolcon.colcon_core.environment[0m [1;30mLevel 1[0m checking '/home/sunildj/stembotX2_ws/install/sllidar_ros2/lib/pkgconfig/sllidar_ros2.pc'
[7.145s] [34mcolcon.colcon_core.environment[0m [1;30mLevel 1[0m checking '/home/sunildj/stembotX2_ws/install/sllidar_ros2/lib/python3.10/site-packages'
[7.145s] [34mcolcon.colcon_core.environment[0m [1;30mLevel 1[0m checking '/home/sunildj/stembotX2_ws/install/sllidar_ros2/bin'
[7.146s] [34mcolcon.colcon_core.shell[0m [1;30mINFO[0m Creating package script '/home/sunildj/stembotX2_ws/install/sllidar_ros2/share/sllidar_ros2/package.ps1'
[7.146s] [34mcolcon.colcon_core.shell[0m [1;30mINFO[0m Creating package descriptor '/home/sunildj/stembotX2_ws/install/sllidar_ros2/share/sllidar_ros2/package.dsv'
[7.146s] [34mcolcon.colcon_core.shell[0m [1;30mINFO[0m Creating package script '/home/sunildj/stembotX2_ws/install/sllidar_ros2/share/sllidar_ros2/package.sh'
[7.146s] [34mcolcon.colcon_core.shell[0m [1;30mINFO[0m Creating package script '/home/sunildj/stembotX2_ws/install/sllidar_ros2/share/sllidar_ros2/package.bash'
[7.146s] [34mcolcon.colcon_core.shell[0m [1;30mINFO[0m Creating package script '/home/sunildj/stembotX2_ws/install/sllidar_ros2/share/sllidar_ros2/package.zsh'
[7.147s] [34mcolcon.colcon_core.environment[0m [1;30mLevel 1[0m create_file_with_runtime_dependencies(/home/sunildj/stembotX2_ws/install/sllidar_ros2/share/colcon-core/packages/sllidar_ros2)
[7.191s] [34mcolcon.colcon_core.environment[0m [1;30mLevel 1[0m create_environment_scripts_only(sllidar_ros2)
[7.191s] [34mcolcon.colcon_core.environment[0m [1;30mLevel 1[0m checking '/home/sunildj/stembotX2_ws/install/sllidar_ros2' for CMake module files
[7.192s] [34mcolcon.colcon_core.environment[0m [1;30mLevel 1[0m checking '/home/sunildj/stembotX2_ws/install/sllidar_ros2' for CMake config files
[7.192s] [34mcolcon.colcon_core.shell[0m [1;30mLevel 1[0m create_environment_hook('sllidar_ros2', 'cmake_prefix_path')
[7.192s] [34mcolcon.colcon_core.shell[0m [1;30mINFO[0m Creating environment hook '/home/sunildj/stembotX2_ws/install/sllidar_ros2/share/sllidar_ros2/hook/cmake_prefix_path.ps1'
[7.192s] [34mcolcon.colcon_core.shell[0m [1;30mINFO[0m Creating environment descriptor '/home/sunildj/stembotX2_ws/install/sllidar_ros2/share/sllidar_ros2/hook/cmake_prefix_path.dsv'
[7.192s] [34mcolcon.colcon_core.shell[0m [1;30mINFO[0m Creating environment hook '/home/sunildj/stembotX2_ws/install/sllidar_ros2/share/sllidar_ros2/hook/cmake_prefix_path.sh'
[7.193s] [34mcolcon.colcon_core.environment[0m [1;30mLevel 1[0m checking '/home/sunildj/stembotX2_ws/install/sllidar_ros2/lib'
[7.193s] [34mcolcon.colcon_core.environment[0m [1;30mLevel 1[0m checking '/home/sunildj/stembotX2_ws/install/sllidar_ros2/bin'
[7.193s] [34mcolcon.colcon_core.environment[0m [1;30mLevel 1[0m checking '/home/sunildj/stembotX2_ws/install/sllidar_ros2/lib/pkgconfig/sllidar_ros2.pc'
[7.193s] [34mcolcon.colcon_core.environment[0m [1;30mLevel 1[0m checking '/home/sunildj/stembotX2_ws/install/sllidar_ros2/lib/python3.10/site-packages'
[7.193s] [34mcolcon.colcon_core.environment[0m [1;30mLevel 1[0m checking '/home/sunildj/stembotX2_ws/install/sllidar_ros2/bin'
[7.193s] [34mcolcon.colcon_core.shell[0m [1;30mINFO[0m Creating package script '/home/sunildj/stembotX2_ws/install/sllidar_ros2/share/sllidar_ros2/package.ps1'
[7.193s] [34mcolcon.colcon_core.shell[0m [1;30mINFO[0m Creating package descriptor '/home/sunildj/stembotX2_ws/install/sllidar_ros2/share/sllidar_ros2/package.dsv'
[7.194s] [34mcolcon.colcon_core.shell[0m [1;30mINFO[0m Creating package script '/home/sunildj/stembotX2_ws/install/sllidar_ros2/share/sllidar_ros2/package.sh'
[7.194s] [34mcolcon.colcon_core.shell[0m [1;30mINFO[0m Creating package script '/home/sunildj/stembotX2_ws/install/sllidar_ros2/share/sllidar_ros2/package.bash'
[7.194s] [34mcolcon.colcon_core.shell[0m [1;30mINFO[0m Creating package script '/home/sunildj/stembotX2_ws/install/sllidar_ros2/share/sllidar_ros2/package.zsh'
[7.194s] [34mcolcon.colcon_core.environment[0m [1;30mLevel 1[0m create_file_with_runtime_dependencies(/home/sunildj/stembotX2_ws/install/sllidar_ros2/share/colcon-core/packages/sllidar_ros2)
[22.832s] [34mcolcon.colcon_core.event_handler.log_command[0m [1;30mDEBUG[0m [32mInvoked command in '/home/sunildj/stembotX2_ws/build/micro_ros_agent' returned '0': AMENT_PREFIX_PATH=/home/sunildj/stembotX2_ws/install/micro_ros_msgs:${AMENT_PREFIX_PATH} CMAKE_PREFIX_PATH=/home/sunildj/stembotX2_ws/install/micro_ros_msgs:/opt/ros/humble LD_LIBRARY_PATH=/home/sunildj/stembotX2_ws/install/micro_ros_msgs/lib:${LD_LIBRARY_PATH} PYTHONPATH=/home/sunildj/stembotX2_ws/install/micro_ros_msgs/local/lib/python3.10/dist-packages:${PYTHONPATH} /usr/bin/cmake --build /home/sunildj/stembotX2_ws/build/micro_ros_agent -- -j16 -l16[0m
[22.857s] [34mcolcon.colcon_core.event_handler.log_command[0m [1;30mDEBUG[0m [32mInvoking command in '/home/sunildj/stembotX2_ws/build/micro_ros_agent': AMENT_PREFIX_PATH=/home/sunildj/stembotX2_ws/install/micro_ros_msgs:${AMENT_PREFIX_PATH} CMAKE_PREFIX_PATH=/home/sunildj/stembotX2_ws/install/micro_ros_msgs:/opt/ros/humble LD_LIBRARY_PATH=/home/sunildj/stembotX2_ws/install/micro_ros_msgs/lib:${LD_LIBRARY_PATH} PYTHONPATH=/home/sunildj/stembotX2_ws/install/micro_ros_msgs/local/lib/python3.10/dist-packages:${PYTHONPATH} /usr/bin/cmake --install /home/sunildj/stembotX2_ws/build/micro_ros_agent[0m
[22.867s] [34mcolcon.colcon_core.environment[0m [1;30mLevel 1[0m create_environment_scripts_only(micro_ros_agent)
[22.868s] [34mcolcon.colcon_core.environment[0m [1;30mLevel 1[0m checking '/home/sunildj/stembotX2_ws/install/micro_ros_agent' for CMake module files
[22.868s] [34mcolcon.colcon_core.event_handler.log_command[0m [1;30mDEBUG[0m [32mInvoked command in '/home/sunildj/stembotX2_ws/build/micro_ros_agent' returned '0': AMENT_PREFIX_PATH=/home/sunildj/stembotX2_ws/install/micro_ros_msgs:${AMENT_PREFIX_PATH} CMAKE_PREFIX_PATH=/home/sunildj/stembotX2_ws/install/micro_ros_msgs:/opt/ros/humble LD_LIBRARY_PATH=/home/sunildj/stembotX2_ws/install/micro_ros_msgs/lib:${LD_LIBRARY_PATH} PYTHONPATH=/home/sunildj/stembotX2_ws/install/micro_ros_msgs/local/lib/python3.10/dist-packages:${PYTHONPATH} /usr/bin/cmake --install /home/sunildj/stembotX2_ws/build/micro_ros_agent[0m
[22.868s] [34mcolcon.colcon_core.environment[0m [1;30mLevel 1[0m checking '/home/sunildj/stembotX2_ws/install/micro_ros_agent' for CMake config files
[22.869s] [34mcolcon.colcon_core.shell[0m [1;30mLevel 1[0m create_environment_hook('micro_ros_agent', 'cmake_prefix_path')
[22.869s] [34mcolcon.colcon_core.shell[0m [1;30mINFO[0m Creating environment hook '/home/sunildj/stembotX2_ws/install/micro_ros_agent/share/micro_ros_agent/hook/cmake_prefix_path.ps1'
[22.870s] [34mcolcon.colcon_core.shell[0m [1;30mINFO[0m Creating environment descriptor '/home/sunildj/stembotX2_ws/install/micro_ros_agent/share/micro_ros_agent/hook/cmake_prefix_path.dsv'
[22.870s] [34mcolcon.colcon_core.shell[0m [1;30mINFO[0m Creating environment hook '/home/sunildj/stembotX2_ws/install/micro_ros_agent/share/micro_ros_agent/hook/cmake_prefix_path.sh'
[22.870s] [34mcolcon.colcon_core.environment[0m [1;30mLevel 1[0m checking '/home/sunildj/stembotX2_ws/install/micro_ros_agent/lib'
[22.870s] [34mcolcon.colcon_core.shell[0m [1;30mLevel 1[0m create_environment_hook('micro_ros_agent', 'ld_library_path_lib')
[22.870s] [34mcolcon.colcon_core.shell[0m [1;30mINFO[0m Creating environment hook '/home/sunildj/stembotX2_ws/install/micro_ros_agent/share/micro_ros_agent/hook/ld_library_path_lib.ps1'
[22.870s] [34mcolcon.colcon_core.shell[0m [1;30mINFO[0m Creating environment descriptor '/home/sunildj/stembotX2_ws/install/micro_ros_agent/share/micro_ros_agent/hook/ld_library_path_lib.dsv'
[22.871s] [34mcolcon.colcon_core.shell[0m [1;30mINFO[0m Creating environment hook '/home/sunildj/stembotX2_ws/install/micro_ros_agent/share/micro_ros_agent/hook/ld_library_path_lib.sh'
[22.871s] [34mcolcon.colcon_core.environment[0m [1;30mLevel 1[0m checking '/home/sunildj/stembotX2_ws/install/micro_ros_agent/bin'
[22.871s] [34mcolcon.colcon_core.environment[0m [1;30mLevel 1[0m checking '/home/sunildj/stembotX2_ws/install/micro_ros_agent/lib/pkgconfig/micro_ros_agent.pc'
[22.871s] [34mcolcon.colcon_core.environment[0m [1;30mLevel 1[0m checking '/home/sunildj/stembotX2_ws/install/micro_ros_agent/lib/python3.10/site-packages'
[22.871s] [34mcolcon.colcon_core.environment[0m [1;30mLevel 1[0m checking '/home/sunildj/stembotX2_ws/install/micro_ros_agent/bin'
[22.871s] [34mcolcon.colcon_core.shell[0m [1;30mINFO[0m Creating package script '/home/sunildj/stembotX2_ws/install/micro_ros_agent/share/micro_ros_agent/package.ps1'
[22.872s] [34mcolcon.colcon_core.shell[0m [1;30mINFO[0m Creating package descriptor '/home/sunildj/stembotX2_ws/install/micro_ros_agent/share/micro_ros_agent/package.dsv'
[22.872s] [34mcolcon.colcon_core.shell[0m [1;30mINFO[0m Creating package script '/home/sunildj/stembotX2_ws/install/micro_ros_agent/share/micro_ros_agent/package.sh'
[22.872s] [34mcolcon.colcon_core.shell[0m [1;30mINFO[0m Creating package script '/home/sunildj/stembotX2_ws/install/micro_ros_agent/share/micro_ros_agent/package.bash'
[22.872s] [34mcolcon.colcon_core.shell[0m [1;30mINFO[0m Creating package script '/home/sunildj/stembotX2_ws/install/micro_ros_agent/share/micro_ros_agent/package.zsh'
[22.872s] [34mcolcon.colcon_core.environment[0m [1;30mLevel 1[0m create_file_with_runtime_dependencies(/home/sunildj/stembotX2_ws/install/micro_ros_agent/share/colcon-core/packages/micro_ros_agent)
[22.895s] [34mcolcon.colcon_core.environment[0m [1;30mLevel 1[0m create_environment_scripts_only(micro_ros_agent)
[22.895s] [34mcolcon.colcon_core.environment[0m [1;30mLevel 1[0m checking '/home/sunildj/stembotX2_ws/install/micro_ros_agent' for CMake module files
[22.896s] [34mcolcon.colcon_core.environment[0m [1;30mLevel 1[0m checking '/home/sunildj/stembotX2_ws/install/micro_ros_agent' for CMake config files
[22.896s] [34mcolcon.colcon_core.shell[0m [1;30mLevel 1[0m create_environment_hook('micro_ros_agent', 'cmake_prefix_path')
[22.897s] [34mcolcon.colcon_core.shell[0m [1;30mINFO[0m Creating environment hook '/home/sunildj/stembotX2_ws/install/micro_ros_agent/share/micro_ros_agent/hook/cmake_prefix_path.ps1'
[22.897s] [34mcolcon.colcon_core.shell[0m [1;30mINFO[0m Creating environment descriptor '/home/sunildj/stembotX2_ws/install/micro_ros_agent/share/micro_ros_agent/hook/cmake_prefix_path.dsv'
[22.897s] [34mcolcon.colcon_core.shell[0m [1;30mINFO[0m Creating environment hook '/home/sunildj/stembotX2_ws/install/micro_ros_agent/share/micro_ros_agent/hook/cmake_prefix_path.sh'
[22.897s] [34mcolcon.colcon_core.environment[0m [1;30mLevel 1[0m checking '/home/sunildj/stembotX2_ws/install/micro_ros_agent/lib'
[22.897s] [34mcolcon.colcon_core.shell[0m [1;30mLevel 1[0m create_environment_hook('micro_ros_agent', 'ld_library_path_lib')
[22.897s] [34mcolcon.colcon_core.shell[0m [1;30mINFO[0m Creating environment hook '/home/sunildj/stembotX2_ws/install/micro_ros_agent/share/micro_ros_agent/hook/ld_library_path_lib.ps1'
[22.898s] [34mcolcon.colcon_core.shell[0m [1;30mINFO[0m Creating environment descriptor '/home/sunildj/stembotX2_ws/install/micro_ros_agent/share/micro_ros_agent/hook/ld_library_path_lib.dsv'
[22.898s] [34mcolcon.colcon_core.shell[0m [1;30mINFO[0m Creating environment hook '/home/sunildj/stembotX2_ws/install/micro_ros_agent/share/micro_ros_agent/hook/ld_library_path_lib.sh'
[22.898s] [34mcolcon.colcon_core.environment[0m [1;30mLevel 1[0m checking '/home/sunildj/stembotX2_ws/install/micro_ros_agent/bin'
[22.898s] [34mcolcon.colcon_core.environment[0m [1;30mLevel 1[0m checking '/home/sunildj/stembotX2_ws/install/micro_ros_agent/lib/pkgconfig/micro_ros_agent.pc'
[22.898s] [34mcolcon.colcon_core.environment[0m [1;30mLevel 1[0m checking '/home/sunildj/stembotX2_ws/install/micro_ros_agent/lib/python3.10/site-packages'
[22.898s] [34mcolcon.colcon_core.environment[0m [1;30mLevel 1[0m checking '/home/sunildj/stembotX2_ws/install/micro_ros_agent/bin'
[22.899s] [34mcolcon.colcon_core.shell[0m [1;30mINFO[0m Creating package script '/home/sunildj/stembotX2_ws/install/micro_ros_agent/share/micro_ros_agent/package.ps1'
[22.899s] [34mcolcon.colcon_core.shell[0m [1;30mINFO[0m Creating package descriptor '/home/sunildj/stembotX2_ws/install/micro_ros_agent/share/micro_ros_agent/package.dsv'
[22.899s] [34mcolcon.colcon_core.shell[0m [1;30mINFO[0m Creating package script '/home/sunildj/stembotX2_ws/install/micro_ros_agent/share/micro_ros_agent/package.sh'
[22.899s] [34mcolcon.colcon_core.shell[0m [1;30mINFO[0m Creating package script '/home/sunildj/stembotX2_ws/install/micro_ros_agent/share/micro_ros_agent/package.bash'
[22.900s] [34mcolcon.colcon_core.shell[0m [1;30mINFO[0m Creating package script '/home/sunildj/stembotX2_ws/install/micro_ros_agent/share/micro_ros_agent/package.zsh'
[22.900s] [34mcolcon.colcon_core.environment[0m [1;30mLevel 1[0m create_file_with_runtime_dependencies(/home/sunildj/stembotX2_ws/install/micro_ros_agent/share/colcon-core/packages/micro_ros_agent)
[22.900s] [34mcolcon.colcon_parallel_executor.executor.parallel[0m [1;30mDEBUG[0m [32mclosing loop[0m
[22.900s] [34mcolcon.colcon_parallel_executor.executor.parallel[0m [1;30mDEBUG[0m [32mloop closed[0m
[22.900s] [34mcolcon.colcon_parallel_executor.executor.parallel[0m [1;30mDEBUG[0m [32mrun_until_complete finished with '0'[0m
[22.900s] [34mcolcon.colcon_core.event_reactor[0m [1;30mDEBUG[0m [32mjoining thread[0m
[22.904s] [34mcolcon.colcon_core.plugin_system[0m [1;30mINFO[0m Skipping extension 'colcon_notification.desktop_notification.terminal_notifier': Not used on non-Darwin systems
[22.904s] [34mcolcon.colcon_core.plugin_system[0m [1;30mINFO[0m Skipping extension 'colcon_notification.desktop_notification.win32': Not used on non-Windows systems
[22.904s] [34mcolcon.colcon_notification.desktop_notification[0m [1;30mINFO[0m Sending desktop notification using 'notify2'
[22.910s] [34mcolcon.colcon_core.event_reactor[0m [1;30mDEBUG[0m [32mjoined thread[0m
[22.910s] [34mcolcon.colcon_core.shell[0m [1;30mINFO[0m Creating prefix script '/home/sunildj/stembotX2_ws/install/local_setup.ps1'
[22.911s] [34mcolcon.colcon_core.shell[0m [1;30mINFO[0m Creating prefix util module '/home/sunildj/stembotX2_ws/install/_local_setup_util_ps1.py'
[22.912s] [34mcolcon.colcon_core.shell[0m [1;30mINFO[0m Creating prefix chain script '/home/sunildj/stembotX2_ws/install/setup.ps1'
[22.912s] [34mcolcon.colcon_core.shell[0m [1;30mINFO[0m Creating prefix script '/home/sunildj/stembotX2_ws/install/local_setup.sh'
[22.912s] [34mcolcon.colcon_core.shell[0m [1;30mINFO[0m Creating prefix util module '/home/sunildj/stembotX2_ws/install/_local_setup_util_sh.py'
[22.913s] [34mcolcon.colcon_core.shell[0m [1;30mINFO[0m Creating prefix chain script '/home/sunildj/stembotX2_ws/install/setup.sh'
[22.913s] [34mcolcon.colcon_core.shell[0m [1;30mINFO[0m Creating prefix script '/home/sunildj/stembotX2_ws/install/local_setup.bash'
[22.913s] [34mcolcon.colcon_core.shell[0m [1;30mINFO[0m Creating prefix chain script '/home/sunildj/stembotX2_ws/install/setup.bash'
[22.914s] [34mcolcon.colcon_core.shell[0m [1;30mINFO[0m Creating prefix script '/home/sunildj/stembotX2_ws/install/local_setup.zsh'
[22.914s] [34mcolcon.colcon_core.shell[0m [1;30mINFO[0m Creating prefix chain script '/home/sunildj/stembotX2_ws/install/setup.zsh'
