[0.009s] Invoking command in '/home/sunildj/stembotX2_ws/build/micro_ros_msgs': CMAKE_PREFIX_PATH=/opt/ros/humble /usr/bin/cmake /home/sunildj/stembotX2_ws/src/uros/micro_ros_msgs -DCMAKE_INSTALL_PREFIX=/home/sunildj/stembotX2_ws/install/micro_ros_msgs
[0.046s] -- The C compiler identification is GNU 11.4.0
[0.082s] -- The CXX compiler identification is GNU 11.4.0
[0.087s] -- Detecting C compiler ABI info
[0.134s] -- Detecting C compiler ABI info - done
[0.138s] -- Check for working C compiler: /usr/bin/cc - skipped
[0.138s] -- Detecting C compile features
[0.139s] -- Detecting C compile features - done
[0.141s] -- Detecting CXX compiler ABI info
[0.194s] -- Detecting CXX compiler ABI info - done
[0.198s] -- Check for working CXX compiler: /usr/bin/c++ - skipped
[0.199s] -- Detecting CXX compile features
[0.199s] -- Detecting CXX compile features - done
[0.201s] -- Found ament_cmake: 1.3.9 (/opt/ros/humble/share/ament_cmake/cmake)
[0.300s] -- Found Python3: /usr/bin/python3 (found version "3.10.12") found components: Interpreter 
[0.359s] -- Found rosidl_default_generators: 1.2.0 (/opt/ros/humble/share/rosidl_default_generators/cmake)
[0.361s] -- Using all available rosidl_typesupport_c: rosidl_typesupport_fastrtps_c;rosidl_typesupport_introspection_c
[0.366s] -- Found rosidl_adapter: 3.1.5 (/opt/ros/humble/share/rosidl_adapter/cmake)
[0.395s] -- Using all available rosidl_typesupport_cpp: rosidl_typesupport_fastrtps_cpp;rosidl_typesupport_introspection_cpp
[0.420s] -- Found ament_lint_auto: 0.12.11 (/opt/ros/humble/share/ament_lint_auto/cmake)
[0.599s] -- Found ament_cmake_ros: 0.10.0 (/opt/ros/humble/share/ament_cmake_ros/cmake)
[0.726s] -- Using all available rosidl_typesupport_c: rosidl_typesupport_fastrtps_c;rosidl_typesupport_introspection_c
[0.881s] -- Using all available rosidl_typesupport_cpp: rosidl_typesupport_fastrtps_cpp;rosidl_typesupport_introspection_cpp
[0.897s] -- Found PythonInterp: /usr/bin/python3 (found suitable version "3.10.12", minimum required is "3.6") 
[0.898s] -- Found python_cmake_module: 0.10.0 (/opt/ros/humble/share/python_cmake_module/cmake)
[0.917s] -- Found PythonLibs: /usr/lib/x86_64-linux-gnu/libpython3.10.so (found suitable version "3.10.12", minimum required is "3.5") 
[0.917s] -- Using PYTHON_EXECUTABLE: /usr/bin/python3
[0.917s] -- Using PYTHON_INCLUDE_DIRS: /usr/include/python3.10
[0.917s] -- Using PYTHON_LIBRARIES: /usr/lib/x86_64-linux-gnu/libpython3.10.so
[0.931s] -- Found PythonExtra: .so  
[0.954s] -- Added test 'copyright' to check source files copyright and LICENSE
[0.960s] -- Added test 'lint_cmake' to check CMake code style
[0.964s] -- Added test 'xmllint' to check XML markup files
[0.969s] -- Configuring done
[0.992s] -- Generating done
[0.994s] -- Build files have been written to: /home/sunildj/stembotX2_ws/build/micro_ros_msgs
[1.001s] Invoked command in '/home/sunildj/stembotX2_ws/build/micro_ros_msgs' returned '0': CMAKE_PREFIX_PATH=/opt/ros/humble /usr/bin/cmake /home/sunildj/stembotX2_ws/src/uros/micro_ros_msgs -DCMAKE_INSTALL_PREFIX=/home/sunildj/stembotX2_ws/install/micro_ros_msgs
[1.001s] Invoking command in '/home/sunildj/stembotX2_ws/build/micro_ros_msgs': CMAKE_PREFIX_PATH=/opt/ros/humble /usr/bin/cmake --build /home/sunildj/stembotX2_ws/build/micro_ros_msgs -- -j16 -l16
[1.092s] [  2%] [34m[1mGenerating C code for ROS interfaces[0m
[1.118s] [  4%] [34m[1mGenerating C++ code for ROS interfaces[0m
[1.159s] [  4%] Built target ament_cmake_python_copy_micro_ros_msgs
[1.700s] running egg_info
[1.700s] creating micro_ros_msgs.egg-info
[1.701s] writing micro_ros_msgs.egg-info/PKG-INFO
[1.701s] writing dependency_links to micro_ros_msgs.egg-info/dependency_links.txt
[1.701s] writing top-level names to micro_ros_msgs.egg-info/top_level.txt
[1.704s] writing manifest file 'micro_ros_msgs.egg-info/SOURCES.txt'
[1.707s] reading manifest file 'micro_ros_msgs.egg-info/SOURCES.txt'
[1.707s] writing manifest file 'micro_ros_msgs.egg-info/SOURCES.txt'
[1.737s] [  4%] Built target ament_cmake_python_build_micro_ros_msgs_egg
[1.741s] [  4%] Built target micro_ros_msgs__cpp
[1.750s] [  8%] [34m[1mGenerating C++ type support for eProsima Fast-RTPS[0m
[1.751s] [  8%] [34m[1mGenerating C++ type support dispatch for ROS interfaces[0m
[1.751s] [ 10%] [34m[1mGenerating C++ introspection for ROS interfaces[0m
[1.779s] [ 17%] [32mBuilding C object CMakeFiles/micro_ros_msgs__rosidl_generator_c.dir/rosidl_generator_c/micro_ros_msgs/msg/detail/entity__functions.c.o[0m
[1.779s] [ 17%] [32mBuilding C object CMakeFiles/micro_ros_msgs__rosidl_generator_c.dir/rosidl_generator_c/micro_ros_msgs/msg/detail/graph__functions.c.o[0m
[1.780s] [ 17%] [32mBuilding C object CMakeFiles/micro_ros_msgs__rosidl_generator_c.dir/rosidl_generator_c/micro_ros_msgs/msg/detail/node__functions.c.o[0m
[1.828s] [ 19%] [32m[1mLinking C shared library libmicro_ros_msgs__rosidl_generator_c.so[0m
[1.855s] [ 19%] Built target micro_ros_msgs__rosidl_generator_c
[1.863s] [ 23%] [34m[1mGenerating C introspection for ROS interfaces[0m
[1.863s] [ 23%] [34m[1mGenerating C type support dispatch for ROS interfaces[0m
[1.864s] [ 25%] [34m[1mGenerating C type support for eProsima Fast-RTPS[0m
[1.957s] [ 31%] [32mBuilding CXX object CMakeFiles/micro_ros_msgs__rosidl_typesupport_cpp.dir/rosidl_typesupport_cpp/micro_ros_msgs/msg/entity__type_support.cpp.o[0m
[1.957s] [ 31%] [32mBuilding CXX object CMakeFiles/micro_ros_msgs__rosidl_typesupport_cpp.dir/rosidl_typesupport_cpp/micro_ros_msgs/msg/graph__type_support.cpp.o[0m
[1.957s] [ 31%] [32mBuilding CXX object CMakeFiles/micro_ros_msgs__rosidl_typesupport_cpp.dir/rosidl_typesupport_cpp/micro_ros_msgs/msg/node__type_support.cpp.o[0m
[1.986s] [ 36%] [32mBuilding CXX object CMakeFiles/micro_ros_msgs__rosidl_typesupport_introspection_cpp.dir/rosidl_typesupport_introspection_cpp/micro_ros_msgs/msg/detail/graph__type_support.cpp.o[0m
[1.987s] [ 38%] [32mBuilding CXX object CMakeFiles/micro_ros_msgs__rosidl_typesupport_introspection_cpp.dir/rosidl_typesupport_introspection_cpp/micro_ros_msgs/msg/detail/entity__type_support.cpp.o[0m
[1.987s] [ 38%] [32mBuilding CXX object CMakeFiles/micro_ros_msgs__rosidl_typesupport_introspection_cpp.dir/rosidl_typesupport_introspection_cpp/micro_ros_msgs/msg/detail/node__type_support.cpp.o[0m
[2.019s] [ 44%] [32mBuilding CXX object CMakeFiles/micro_ros_msgs__rosidl_typesupport_fastrtps_cpp.dir/rosidl_typesupport_fastrtps_cpp/micro_ros_msgs/msg/detail/dds_fastrtps/graph__type_support.cpp.o[0m
[2.019s] [ 44%] [32mBuilding CXX object CMakeFiles/micro_ros_msgs__rosidl_typesupport_fastrtps_cpp.dir/rosidl_typesupport_fastrtps_cpp/micro_ros_msgs/msg/detail/dds_fastrtps/entity__type_support.cpp.o[0m
[2.019s] [ 44%] [32mBuilding CXX object CMakeFiles/micro_ros_msgs__rosidl_typesupport_fastrtps_cpp.dir/rosidl_typesupport_fastrtps_cpp/micro_ros_msgs/msg/detail/dds_fastrtps/node__type_support.cpp.o[0m
[2.139s] [ 51%] [32mBuilding CXX object CMakeFiles/micro_ros_msgs__rosidl_typesupport_c.dir/rosidl_typesupport_c/micro_ros_msgs/msg/node__type_support.cpp.o[0m
[2.139s] [ 51%] [32mBuilding CXX object CMakeFiles/micro_ros_msgs__rosidl_typesupport_c.dir/rosidl_typesupport_c/micro_ros_msgs/msg/graph__type_support.cpp.o[0m
[2.140s] [ 51%] [32mBuilding CXX object CMakeFiles/micro_ros_msgs__rosidl_typesupport_c.dir/rosidl_typesupport_c/micro_ros_msgs/msg/entity__type_support.cpp.o[0m
[2.177s] [ 53%] [32m[1mLinking CXX shared library libmicro_ros_msgs__rosidl_typesupport_c.so[0m
[2.215s] [ 55%] [32m[1mLinking CXX shared library libmicro_ros_msgs__rosidl_typesupport_cpp.so[0m
[2.222s] [ 55%] Built target micro_ros_msgs__rosidl_typesupport_c
[2.230s] [ 57%] [32mBuilding C object CMakeFiles/micro_ros_msgs__rosidl_typesupport_introspection_c.dir/rosidl_typesupport_introspection_c/micro_ros_msgs/msg/detail/graph__type_support.c.o[0m
[2.231s] [ 61%] [32mBuilding C object CMakeFiles/micro_ros_msgs__rosidl_typesupport_introspection_c.dir/rosidl_typesupport_introspection_c/micro_ros_msgs/msg/detail/entity__type_support.c.o[0m
[2.232s] [ 61%] [32mBuilding C object CMakeFiles/micro_ros_msgs__rosidl_typesupport_introspection_c.dir/rosidl_typesupport_introspection_c/micro_ros_msgs/msg/detail/node__type_support.c.o[0m
[2.234s] [ 63%] [32mBuilding CXX object CMakeFiles/micro_ros_msgs__rosidl_typesupport_fastrtps_c.dir/rosidl_typesupport_fastrtps_c/micro_ros_msgs/msg/detail/entity__type_support_c.cpp.o[0m
[2.235s] [ 68%] [32mBuilding CXX object CMakeFiles/micro_ros_msgs__rosidl_typesupport_fastrtps_c.dir/rosidl_typesupport_fastrtps_c/micro_ros_msgs/msg/detail/graph__type_support_c.cpp.o[0m
[2.235s] [ 68%] [32mBuilding CXX object CMakeFiles/micro_ros_msgs__rosidl_typesupport_fastrtps_c.dir/rosidl_typesupport_fastrtps_c/micro_ros_msgs/msg/detail/node__type_support_c.cpp.o[0m
[2.258s] [ 68%] Built target micro_ros_msgs__rosidl_typesupport_cpp
[2.266s] [ 70%] [32m[1mLinking C shared library libmicro_ros_msgs__rosidl_typesupport_introspection_c.so[0m
[2.291s] [ 70%] Built target micro_ros_msgs__rosidl_typesupport_introspection_c
[2.482s] [ 72%] [32m[1mLinking CXX shared library libmicro_ros_msgs__rosidl_typesupport_fastrtps_cpp.so[0m
[2.495s] [ 74%] [32m[1mLinking CXX shared library libmicro_ros_msgs__rosidl_typesupport_introspection_cpp.so[0m
[2.496s] [ 76%] [32m[1mLinking CXX shared library libmicro_ros_msgs__rosidl_typesupport_fastrtps_c.so[0m
[2.537s] [ 76%] Built target micro_ros_msgs__rosidl_typesupport_fastrtps_cpp
[2.548s] [ 76%] Built target micro_ros_msgs__rosidl_typesupport_fastrtps_c
[2.550s] [ 76%] Built target micro_ros_msgs__rosidl_typesupport_introspection_cpp
[2.563s] [ 76%] Built target micro_ros_msgs
[2.577s] [ 78%] [34m[1mGenerating Python code for ROS interfaces[0m
[2.893s] [ 78%] Built target micro_ros_msgs__py
[2.907s] [ 85%] [32mBuilding C object CMakeFiles/micro_ros_msgs__rosidl_generator_py.dir/rosidl_generator_py/micro_ros_msgs/msg/_node_s.c.o[0m
[2.907s] [ 85%] [32mBuilding C object CMakeFiles/micro_ros_msgs__rosidl_generator_py.dir/rosidl_generator_py/micro_ros_msgs/msg/_graph_s.c.o[0m
[2.907s] [ 85%] [32mBuilding C object CMakeFiles/micro_ros_msgs__rosidl_generator_py.dir/rosidl_generator_py/micro_ros_msgs/msg/_entity_s.c.o[0m
[2.994s] [ 87%] [32m[1mLinking C shared library rosidl_generator_py/micro_ros_msgs/libmicro_ros_msgs__rosidl_generator_py.so[0m
[3.021s] [ 87%] Built target micro_ros_msgs__rosidl_generator_py
[3.036s] [ 93%] [32mBuilding C object CMakeFiles/micro_ros_msgs__rosidl_typesupport_c__pyext.dir/rosidl_generator_py/micro_ros_msgs/_micro_ros_msgs_s.ep.rosidl_typesupport_c.c.o[0m
[3.036s] [ 93%] [32mBuilding C object CMakeFiles/micro_ros_msgs__rosidl_typesupport_fastrtps_c__pyext.dir/rosidl_generator_py/micro_ros_msgs/_micro_ros_msgs_s.ep.rosidl_typesupport_fastrtps_c.c.o[0m
[3.036s] [ 93%] [32mBuilding C object CMakeFiles/micro_ros_msgs__rosidl_typesupport_introspection_c__pyext.dir/rosidl_generator_py/micro_ros_msgs/_micro_ros_msgs_s.ep.rosidl_typesupport_introspection_c.c.o[0m
[3.100s] [ 95%] [32m[1mLinking C shared library rosidl_generator_py/micro_ros_msgs/micro_ros_msgs_s__rosidl_typesupport_c.cpython-310-x86_64-linux-gnu.so[0m
[3.101s] [ 97%] [32m[1mLinking C shared library rosidl_generator_py/micro_ros_msgs/micro_ros_msgs_s__rosidl_typesupport_introspection_c.cpython-310-x86_64-linux-gnu.so[0m
[3.102s] [100%] [32m[1mLinking C shared library rosidl_generator_py/micro_ros_msgs/micro_ros_msgs_s__rosidl_typesupport_fastrtps_c.cpython-310-x86_64-linux-gnu.so[0m
[3.123s] [100%] Built target micro_ros_msgs__rosidl_typesupport_introspection_c__pyext
[3.123s] [100%] Built target micro_ros_msgs__rosidl_typesupport_c__pyext
[3.125s] [100%] Built target micro_ros_msgs__rosidl_typesupport_fastrtps_c__pyext
[3.134s] Invoked command in '/home/sunildj/stembotX2_ws/build/micro_ros_msgs' returned '0': CMAKE_PREFIX_PATH=/opt/ros/humble /usr/bin/cmake --build /home/sunildj/stembotX2_ws/build/micro_ros_msgs -- -j16 -l16
[3.196s] Invoking command in '/home/sunildj/stembotX2_ws/build/micro_ros_msgs': CMAKE_PREFIX_PATH=/opt/ros/humble /usr/bin/cmake --install /home/sunildj/stembotX2_ws/build/micro_ros_msgs
[3.202s] -- Install configuration: ""
[3.202s] -- Installing: /home/sunildj/stembotX2_ws/install/micro_ros_msgs/share/ament_index/resource_index/rosidl_interfaces/micro_ros_msgs
[3.202s] -- Installing: /home/sunildj/stembotX2_ws/install/micro_ros_msgs/include/micro_ros_msgs/micro_ros_msgs
[3.203s] -- Installing: /home/sunildj/stembotX2_ws/install/micro_ros_msgs/include/micro_ros_msgs/micro_ros_msgs/msg
[3.203s] -- Installing: /home/sunildj/stembotX2_ws/install/micro_ros_msgs/include/micro_ros_msgs/micro_ros_msgs/msg/entity.h
[3.203s] -- Installing: /home/sunildj/stembotX2_ws/install/micro_ros_msgs/include/micro_ros_msgs/micro_ros_msgs/msg/graph.h
[3.203s] -- Installing: /home/sunildj/stembotX2_ws/install/micro_ros_msgs/include/micro_ros_msgs/micro_ros_msgs/msg/rosidl_generator_c__visibility_control.h
[3.203s] -- Installing: /home/sunildj/stembotX2_ws/install/micro_ros_msgs/include/micro_ros_msgs/micro_ros_msgs/msg/detail
[3.203s] -- Installing: /home/sunildj/stembotX2_ws/install/micro_ros_msgs/include/micro_ros_msgs/micro_ros_msgs/msg/detail/graph__struct.h
[3.203s] -- Installing: /home/sunildj/stembotX2_ws/install/micro_ros_msgs/include/micro_ros_msgs/micro_ros_msgs/msg/detail/entity__type_support.h
[3.203s] -- Installing: /home/sunildj/stembotX2_ws/install/micro_ros_msgs/include/micro_ros_msgs/micro_ros_msgs/msg/detail/node__struct.h
[3.203s] -- Installing: /home/sunildj/stembotX2_ws/install/micro_ros_msgs/include/micro_ros_msgs/micro_ros_msgs/msg/detail/node__functions.h
[3.204s] -- Installing: /home/sunildj/stembotX2_ws/install/micro_ros_msgs/include/micro_ros_msgs/micro_ros_msgs/msg/detail/entity__functions.c
[3.204s] -- Installing: /home/sunildj/stembotX2_ws/install/micro_ros_msgs/include/micro_ros_msgs/micro_ros_msgs/msg/detail/graph__functions.h
[3.204s] -- Installing: /home/sunildj/stembotX2_ws/install/micro_ros_msgs/include/micro_ros_msgs/micro_ros_msgs/msg/detail/graph__functions.c
[3.204s] -- Installing: /home/sunildj/stembotX2_ws/install/micro_ros_msgs/include/micro_ros_msgs/micro_ros_msgs/msg/detail/node__type_support.h
[3.204s] -- Installing: /home/sunildj/stembotX2_ws/install/micro_ros_msgs/include/micro_ros_msgs/micro_ros_msgs/msg/detail/entity__functions.h
[3.204s] -- Installing: /home/sunildj/stembotX2_ws/install/micro_ros_msgs/include/micro_ros_msgs/micro_ros_msgs/msg/detail/entity__struct.h
[3.204s] -- Installing: /home/sunildj/stembotX2_ws/install/micro_ros_msgs/include/micro_ros_msgs/micro_ros_msgs/msg/detail/graph__type_support.h
[3.204s] -- Installing: /home/sunildj/stembotX2_ws/install/micro_ros_msgs/include/micro_ros_msgs/micro_ros_msgs/msg/detail/node__functions.c
[3.204s] -- Installing: /home/sunildj/stembotX2_ws/install/micro_ros_msgs/include/micro_ros_msgs/micro_ros_msgs/msg/node.h
[3.205s] -- Installing: /home/sunildj/stembotX2_ws/install/micro_ros_msgs/share/micro_ros_msgs/environment/library_path.sh
[3.205s] -- Installing: /home/sunildj/stembotX2_ws/install/micro_ros_msgs/share/micro_ros_msgs/environment/library_path.dsv
[3.205s] -- Installing: /home/sunildj/stembotX2_ws/install/micro_ros_msgs/lib/libmicro_ros_msgs__rosidl_generator_c.so
[3.205s] -- Set runtime path of "/home/sunildj/stembotX2_ws/install/micro_ros_msgs/lib/libmicro_ros_msgs__rosidl_generator_c.so" to ""
[3.205s] -- Up-to-date: /home/sunildj/stembotX2_ws/install/micro_ros_msgs/include/micro_ros_msgs/micro_ros_msgs
[3.205s] -- Up-to-date: /home/sunildj/stembotX2_ws/install/micro_ros_msgs/include/micro_ros_msgs/micro_ros_msgs/msg
[3.205s] -- Installing: /home/sunildj/stembotX2_ws/install/micro_ros_msgs/include/micro_ros_msgs/micro_ros_msgs/msg/rosidl_typesupport_fastrtps_c__visibility_control.h
[3.205s] -- Up-to-date: /home/sunildj/stembotX2_ws/install/micro_ros_msgs/include/micro_ros_msgs/micro_ros_msgs/msg/detail
[3.205s] -- Installing: /home/sunildj/stembotX2_ws/install/micro_ros_msgs/include/micro_ros_msgs/micro_ros_msgs/msg/detail/node__rosidl_typesupport_fastrtps_c.h
[3.206s] -- Installing: /home/sunildj/stembotX2_ws/install/micro_ros_msgs/include/micro_ros_msgs/micro_ros_msgs/msg/detail/entity__rosidl_typesupport_fastrtps_c.h
[3.206s] -- Installing: /home/sunildj/stembotX2_ws/install/micro_ros_msgs/include/micro_ros_msgs/micro_ros_msgs/msg/detail/graph__rosidl_typesupport_fastrtps_c.h
[3.206s] -- Installing: /home/sunildj/stembotX2_ws/install/micro_ros_msgs/lib/libmicro_ros_msgs__rosidl_typesupport_fastrtps_c.so
[3.206s] -- Set runtime path of "/home/sunildj/stembotX2_ws/install/micro_ros_msgs/lib/libmicro_ros_msgs__rosidl_typesupport_fastrtps_c.so" to ""
[3.206s] -- Up-to-date: /home/sunildj/stembotX2_ws/install/micro_ros_msgs/include/micro_ros_msgs/micro_ros_msgs
[3.206s] -- Up-to-date: /home/sunildj/stembotX2_ws/install/micro_ros_msgs/include/micro_ros_msgs/micro_ros_msgs/msg
[3.206s] -- Installing: /home/sunildj/stembotX2_ws/install/micro_ros_msgs/include/micro_ros_msgs/micro_ros_msgs/msg/rosidl_typesupport_introspection_c__visibility_control.h
[3.206s] -- Up-to-date: /home/sunildj/stembotX2_ws/install/micro_ros_msgs/include/micro_ros_msgs/micro_ros_msgs/msg/detail
[3.206s] -- Installing: /home/sunildj/stembotX2_ws/install/micro_ros_msgs/include/micro_ros_msgs/micro_ros_msgs/msg/detail/entity__type_support.c
[3.207s] -- Installing: /home/sunildj/stembotX2_ws/install/micro_ros_msgs/include/micro_ros_msgs/micro_ros_msgs/msg/detail/graph__type_support.c
[3.207s] -- Installing: /home/sunildj/stembotX2_ws/install/micro_ros_msgs/include/micro_ros_msgs/micro_ros_msgs/msg/detail/graph__rosidl_typesupport_introspection_c.h
[3.207s] -- Installing: /home/sunildj/stembotX2_ws/install/micro_ros_msgs/include/micro_ros_msgs/micro_ros_msgs/msg/detail/node__rosidl_typesupport_introspection_c.h
[3.207s] -- Installing: /home/sunildj/stembotX2_ws/install/micro_ros_msgs/include/micro_ros_msgs/micro_ros_msgs/msg/detail/entity__rosidl_typesupport_introspection_c.h
[3.207s] -- Installing: /home/sunildj/stembotX2_ws/install/micro_ros_msgs/include/micro_ros_msgs/micro_ros_msgs/msg/detail/node__type_support.c
[3.207s] -- Installing: /home/sunildj/stembotX2_ws/install/micro_ros_msgs/lib/libmicro_ros_msgs__rosidl_typesupport_introspection_c.so
[3.207s] -- Set runtime path of "/home/sunildj/stembotX2_ws/install/micro_ros_msgs/lib/libmicro_ros_msgs__rosidl_typesupport_introspection_c.so" to ""
[3.207s] -- Installing: /home/sunildj/stembotX2_ws/install/micro_ros_msgs/lib/libmicro_ros_msgs__rosidl_typesupport_c.so
[3.207s] -- Set runtime path of "/home/sunildj/stembotX2_ws/install/micro_ros_msgs/lib/libmicro_ros_msgs__rosidl_typesupport_c.so" to ""
[3.207s] -- Up-to-date: /home/sunildj/stembotX2_ws/install/micro_ros_msgs/include/micro_ros_msgs/micro_ros_msgs
[3.208s] -- Up-to-date: /home/sunildj/stembotX2_ws/install/micro_ros_msgs/include/micro_ros_msgs/micro_ros_msgs/msg
[3.208s] -- Installing: /home/sunildj/stembotX2_ws/install/micro_ros_msgs/include/micro_ros_msgs/micro_ros_msgs/msg/graph.hpp
[3.208s] -- Up-to-date: /home/sunildj/stembotX2_ws/install/micro_ros_msgs/include/micro_ros_msgs/micro_ros_msgs/msg/detail
[3.208s] -- Installing: /home/sunildj/stembotX2_ws/install/micro_ros_msgs/include/micro_ros_msgs/micro_ros_msgs/msg/detail/entity__builder.hpp
[3.208s] -- Installing: /home/sunildj/stembotX2_ws/install/micro_ros_msgs/include/micro_ros_msgs/micro_ros_msgs/msg/detail/node__struct.hpp
[3.208s] -- Installing: /home/sunildj/stembotX2_ws/install/micro_ros_msgs/include/micro_ros_msgs/micro_ros_msgs/msg/detail/node__traits.hpp
[3.208s] -- Installing: /home/sunildj/stembotX2_ws/install/micro_ros_msgs/include/micro_ros_msgs/micro_ros_msgs/msg/detail/graph__struct.hpp
[3.208s] -- Installing: /home/sunildj/stembotX2_ws/install/micro_ros_msgs/include/micro_ros_msgs/micro_ros_msgs/msg/detail/entity__traits.hpp
[3.208s] -- Installing: /home/sunildj/stembotX2_ws/install/micro_ros_msgs/include/micro_ros_msgs/micro_ros_msgs/msg/detail/graph__traits.hpp
[3.209s] -- Installing: /home/sunildj/stembotX2_ws/install/micro_ros_msgs/include/micro_ros_msgs/micro_ros_msgs/msg/detail/graph__builder.hpp
[3.209s] -- Installing: /home/sunildj/stembotX2_ws/install/micro_ros_msgs/include/micro_ros_msgs/micro_ros_msgs/msg/detail/entity__struct.hpp
[3.209s] -- Installing: /home/sunildj/stembotX2_ws/install/micro_ros_msgs/include/micro_ros_msgs/micro_ros_msgs/msg/detail/node__builder.hpp
[3.209s] -- Installing: /home/sunildj/stembotX2_ws/install/micro_ros_msgs/include/micro_ros_msgs/micro_ros_msgs/msg/node.hpp
[3.209s] -- Installing: /home/sunildj/stembotX2_ws/install/micro_ros_msgs/include/micro_ros_msgs/micro_ros_msgs/msg/entity.hpp
[3.209s] -- Up-to-date: /home/sunildj/stembotX2_ws/install/micro_ros_msgs/include/micro_ros_msgs/micro_ros_msgs
[3.209s] -- Up-to-date: /home/sunildj/stembotX2_ws/install/micro_ros_msgs/include/micro_ros_msgs/micro_ros_msgs/msg
[3.209s] -- Up-to-date: /home/sunildj/stembotX2_ws/install/micro_ros_msgs/include/micro_ros_msgs/micro_ros_msgs/msg/detail
[3.209s] -- Installing: /home/sunildj/stembotX2_ws/install/micro_ros_msgs/include/micro_ros_msgs/micro_ros_msgs/msg/detail/node__rosidl_typesupport_fastrtps_cpp.hpp
[3.209s] -- Installing: /home/sunildj/stembotX2_ws/install/micro_ros_msgs/include/micro_ros_msgs/micro_ros_msgs/msg/detail/dds_fastrtps
[3.209s] -- Installing: /home/sunildj/stembotX2_ws/install/micro_ros_msgs/include/micro_ros_msgs/micro_ros_msgs/msg/detail/graph__rosidl_typesupport_fastrtps_cpp.hpp
[3.209s] -- Installing: /home/sunildj/stembotX2_ws/install/micro_ros_msgs/include/micro_ros_msgs/micro_ros_msgs/msg/detail/entity__rosidl_typesupport_fastrtps_cpp.hpp
[3.210s] -- Installing: /home/sunildj/stembotX2_ws/install/micro_ros_msgs/include/micro_ros_msgs/micro_ros_msgs/msg/rosidl_typesupport_fastrtps_cpp__visibility_control.h
[3.210s] -- Installing: /home/sunildj/stembotX2_ws/install/micro_ros_msgs/lib/libmicro_ros_msgs__rosidl_typesupport_fastrtps_cpp.so
[3.210s] -- Set runtime path of "/home/sunildj/stembotX2_ws/install/micro_ros_msgs/lib/libmicro_ros_msgs__rosidl_typesupport_fastrtps_cpp.so" to ""
[3.210s] -- Up-to-date: /home/sunildj/stembotX2_ws/install/micro_ros_msgs/include/micro_ros_msgs/micro_ros_msgs
[3.210s] -- Up-to-date: /home/sunildj/stembotX2_ws/install/micro_ros_msgs/include/micro_ros_msgs/micro_ros_msgs/msg
[3.210s] -- Up-to-date: /home/sunildj/stembotX2_ws/install/micro_ros_msgs/include/micro_ros_msgs/micro_ros_msgs/msg/detail
[3.210s] -- Installing: /home/sunildj/stembotX2_ws/install/micro_ros_msgs/include/micro_ros_msgs/micro_ros_msgs/msg/detail/graph__type_support.cpp
[3.210s] -- Installing: /home/sunildj/stembotX2_ws/install/micro_ros_msgs/include/micro_ros_msgs/micro_ros_msgs/msg/detail/graph__rosidl_typesupport_introspection_cpp.hpp
[3.210s] -- Installing: /home/sunildj/stembotX2_ws/install/micro_ros_msgs/include/micro_ros_msgs/micro_ros_msgs/msg/detail/node__rosidl_typesupport_introspection_cpp.hpp
[3.210s] -- Installing: /home/sunildj/stembotX2_ws/install/micro_ros_msgs/include/micro_ros_msgs/micro_ros_msgs/msg/detail/node__type_support.cpp
[3.211s] -- Installing: /home/sunildj/stembotX2_ws/install/micro_ros_msgs/include/micro_ros_msgs/micro_ros_msgs/msg/detail/entity__rosidl_typesupport_introspection_cpp.hpp
[3.211s] -- Installing: /home/sunildj/stembotX2_ws/install/micro_ros_msgs/include/micro_ros_msgs/micro_ros_msgs/msg/detail/entity__type_support.cpp
[3.211s] -- Installing: /home/sunildj/stembotX2_ws/install/micro_ros_msgs/lib/libmicro_ros_msgs__rosidl_typesupport_introspection_cpp.so
[3.211s] -- Set runtime path of "/home/sunildj/stembotX2_ws/install/micro_ros_msgs/lib/libmicro_ros_msgs__rosidl_typesupport_introspection_cpp.so" to ""
[3.211s] -- Installing: /home/sunildj/stembotX2_ws/install/micro_ros_msgs/lib/libmicro_ros_msgs__rosidl_typesupport_cpp.so
[3.211s] -- Set runtime path of "/home/sunildj/stembotX2_ws/install/micro_ros_msgs/lib/libmicro_ros_msgs__rosidl_typesupport_cpp.so" to ""
[3.211s] -- Installing: /home/sunildj/stembotX2_ws/install/micro_ros_msgs/share/micro_ros_msgs/environment/pythonpath.sh
[3.212s] -- Installing: /home/sunildj/stembotX2_ws/install/micro_ros_msgs/share/micro_ros_msgs/environment/pythonpath.dsv
[3.212s] -- Installing: /home/sunildj/stembotX2_ws/install/micro_ros_msgs/local/lib/python3.10/dist-packages/micro_ros_msgs-3.0.1-py3.10.egg-info
[3.212s] -- Installing: /home/sunildj/stembotX2_ws/install/micro_ros_msgs/local/lib/python3.10/dist-packages/micro_ros_msgs-3.0.1-py3.10.egg-info/top_level.txt
[3.212s] -- Installing: /home/sunildj/stembotX2_ws/install/micro_ros_msgs/local/lib/python3.10/dist-packages/micro_ros_msgs-3.0.1-py3.10.egg-info/SOURCES.txt
[3.212s] -- Installing: /home/sunildj/stembotX2_ws/install/micro_ros_msgs/local/lib/python3.10/dist-packages/micro_ros_msgs-3.0.1-py3.10.egg-info/dependency_links.txt
[3.212s] -- Installing: /home/sunildj/stembotX2_ws/install/micro_ros_msgs/local/lib/python3.10/dist-packages/micro_ros_msgs-3.0.1-py3.10.egg-info/PKG-INFO
[3.212s] -- Installing: /home/sunildj/stembotX2_ws/install/micro_ros_msgs/local/lib/python3.10/dist-packages/micro_ros_msgs
[3.212s] -- Installing: /home/sunildj/stembotX2_ws/install/micro_ros_msgs/local/lib/python3.10/dist-packages/micro_ros_msgs/micro_ros_msgs_s__rosidl_typesupport_fastrtps_c.cpython-310-x86_64-linux-gnu.so
[3.212s] -- Installing: /home/sunildj/stembotX2_ws/install/micro_ros_msgs/local/lib/python3.10/dist-packages/micro_ros_msgs/micro_ros_msgs_s__rosidl_typesupport_introspection_c.cpython-310-x86_64-linux-gnu.so
[3.212s] -- Installing: /home/sunildj/stembotX2_ws/install/micro_ros_msgs/local/lib/python3.10/dist-packages/micro_ros_msgs/msg
[3.213s] -- Installing: /home/sunildj/stembotX2_ws/install/micro_ros_msgs/local/lib/python3.10/dist-packages/micro_ros_msgs/msg/_entity.py
[3.213s] -- Installing: /home/sunildj/stembotX2_ws/install/micro_ros_msgs/local/lib/python3.10/dist-packages/micro_ros_msgs/msg/_graph.py
[3.213s] -- Installing: /home/sunildj/stembotX2_ws/install/micro_ros_msgs/local/lib/python3.10/dist-packages/micro_ros_msgs/msg/_graph_s.c
[3.213s] -- Installing: /home/sunildj/stembotX2_ws/install/micro_ros_msgs/local/lib/python3.10/dist-packages/micro_ros_msgs/msg/__init__.py
[3.213s] -- Installing: /home/sunildj/stembotX2_ws/install/micro_ros_msgs/local/lib/python3.10/dist-packages/micro_ros_msgs/msg/_node_s.c
[3.213s] -- Installing: /home/sunildj/stembotX2_ws/install/micro_ros_msgs/local/lib/python3.10/dist-packages/micro_ros_msgs/msg/_entity_s.c
[3.213s] -- Installing: /home/sunildj/stembotX2_ws/install/micro_ros_msgs/local/lib/python3.10/dist-packages/micro_ros_msgs/msg/_node.py
[3.213s] -- Installing: /home/sunildj/stembotX2_ws/install/micro_ros_msgs/local/lib/python3.10/dist-packages/micro_ros_msgs/micro_ros_msgs_s__rosidl_typesupport_c.cpython-310-x86_64-linux-gnu.so
[3.213s] -- Installing: /home/sunildj/stembotX2_ws/install/micro_ros_msgs/local/lib/python3.10/dist-packages/micro_ros_msgs/_micro_ros_msgs_s.ep.rosidl_typesupport_introspection_c.c
[3.214s] -- Installing: /home/sunildj/stembotX2_ws/install/micro_ros_msgs/local/lib/python3.10/dist-packages/micro_ros_msgs/_micro_ros_msgs_s.ep.rosidl_typesupport_c.c
[3.214s] -- Installing: /home/sunildj/stembotX2_ws/install/micro_ros_msgs/local/lib/python3.10/dist-packages/micro_ros_msgs/libmicro_ros_msgs__rosidl_generator_py.so
[3.214s] -- Installing: /home/sunildj/stembotX2_ws/install/micro_ros_msgs/local/lib/python3.10/dist-packages/micro_ros_msgs/__init__.py
[3.214s] -- Installing: /home/sunildj/stembotX2_ws/install/micro_ros_msgs/local/lib/python3.10/dist-packages/micro_ros_msgs/_micro_ros_msgs_s.ep.rosidl_typesupport_fastrtps_c.c
[3.237s] Listing '/home/sunildj/stembotX2_ws/install/micro_ros_msgs/local/lib/python3.10/dist-packages/micro_ros_msgs'...
[3.237s] Compiling '/home/sunildj/stembotX2_ws/install/micro_ros_msgs/local/lib/python3.10/dist-packages/micro_ros_msgs/__init__.py'...
[3.238s] Listing '/home/sunildj/stembotX2_ws/install/micro_ros_msgs/local/lib/python3.10/dist-packages/micro_ros_msgs/msg'...
[3.238s] Compiling '/home/sunildj/stembotX2_ws/install/micro_ros_msgs/local/lib/python3.10/dist-packages/micro_ros_msgs/msg/__init__.py'...
[3.238s] Compiling '/home/sunildj/stembotX2_ws/install/micro_ros_msgs/local/lib/python3.10/dist-packages/micro_ros_msgs/msg/_entity.py'...
[3.238s] Compiling '/home/sunildj/stembotX2_ws/install/micro_ros_msgs/local/lib/python3.10/dist-packages/micro_ros_msgs/msg/_graph.py'...
[3.238s] Compiling '/home/sunildj/stembotX2_ws/install/micro_ros_msgs/local/lib/python3.10/dist-packages/micro_ros_msgs/msg/_node.py'...
[3.240s] -- Installing: /home/sunildj/stembotX2_ws/install/micro_ros_msgs/local/lib/python3.10/dist-packages/micro_ros_msgs/micro_ros_msgs_s__rosidl_typesupport_fastrtps_c.cpython-310-x86_64-linux-gnu.so
[3.240s] -- Set runtime path of "/home/sunildj/stembotX2_ws/install/micro_ros_msgs/local/lib/python3.10/dist-packages/micro_ros_msgs/micro_ros_msgs_s__rosidl_typesupport_fastrtps_c.cpython-310-x86_64-linux-gnu.so" to ""
[3.241s] -- Installing: /home/sunildj/stembotX2_ws/install/micro_ros_msgs/local/lib/python3.10/dist-packages/micro_ros_msgs/micro_ros_msgs_s__rosidl_typesupport_introspection_c.cpython-310-x86_64-linux-gnu.so
[3.241s] -- Set runtime path of "/home/sunildj/stembotX2_ws/install/micro_ros_msgs/local/lib/python3.10/dist-packages/micro_ros_msgs/micro_ros_msgs_s__rosidl_typesupport_introspection_c.cpython-310-x86_64-linux-gnu.so" to ""
[3.241s] -- Installing: /home/sunildj/stembotX2_ws/install/micro_ros_msgs/local/lib/python3.10/dist-packages/micro_ros_msgs/micro_ros_msgs_s__rosidl_typesupport_c.cpython-310-x86_64-linux-gnu.so
[3.241s] -- Set runtime path of "/home/sunildj/stembotX2_ws/install/micro_ros_msgs/local/lib/python3.10/dist-packages/micro_ros_msgs/micro_ros_msgs_s__rosidl_typesupport_c.cpython-310-x86_64-linux-gnu.so" to ""
[3.241s] -- Installing: /home/sunildj/stembotX2_ws/install/micro_ros_msgs/lib/libmicro_ros_msgs__rosidl_generator_py.so
[3.242s] -- Set runtime path of "/home/sunildj/stembotX2_ws/install/micro_ros_msgs/lib/libmicro_ros_msgs__rosidl_generator_py.so" to ""
[3.242s] -- Installing: /home/sunildj/stembotX2_ws/install/micro_ros_msgs/share/micro_ros_msgs/msg/Graph.idl
[3.242s] -- Installing: /home/sunildj/stembotX2_ws/install/micro_ros_msgs/share/micro_ros_msgs/msg/Node.idl
[3.242s] -- Installing: /home/sunildj/stembotX2_ws/install/micro_ros_msgs/share/micro_ros_msgs/msg/Entity.idl
[3.242s] -- Installing: /home/sunildj/stembotX2_ws/install/micro_ros_msgs/share/micro_ros_msgs/msg/Graph.msg
[3.242s] -- Installing: /home/sunildj/stembotX2_ws/install/micro_ros_msgs/share/micro_ros_msgs/msg/Node.msg
[3.242s] -- Installing: /home/sunildj/stembotX2_ws/install/micro_ros_msgs/share/micro_ros_msgs/msg/Entity.msg
[3.242s] -- Installing: /home/sunildj/stembotX2_ws/install/micro_ros_msgs/share/ament_index/resource_index/package_run_dependencies/micro_ros_msgs
[3.243s] -- Installing: /home/sunildj/stembotX2_ws/install/micro_ros_msgs/share/ament_index/resource_index/parent_prefix_path/micro_ros_msgs
[3.243s] -- Installing: /home/sunildj/stembotX2_ws/install/micro_ros_msgs/share/micro_ros_msgs/environment/ament_prefix_path.sh
[3.243s] -- Installing: /home/sunildj/stembotX2_ws/install/micro_ros_msgs/share/micro_ros_msgs/environment/ament_prefix_path.dsv
[3.243s] -- Installing: /home/sunildj/stembotX2_ws/install/micro_ros_msgs/share/micro_ros_msgs/environment/path.sh
[3.243s] -- Installing: /home/sunildj/stembotX2_ws/install/micro_ros_msgs/share/micro_ros_msgs/environment/path.dsv
[3.243s] -- Installing: /home/sunildj/stembotX2_ws/install/micro_ros_msgs/share/micro_ros_msgs/local_setup.bash
[3.244s] -- Installing: /home/sunildj/stembotX2_ws/install/micro_ros_msgs/share/micro_ros_msgs/local_setup.sh
[3.244s] -- Installing: /home/sunildj/stembotX2_ws/install/micro_ros_msgs/share/micro_ros_msgs/local_setup.zsh
[3.244s] -- Installing: /home/sunildj/stembotX2_ws/install/micro_ros_msgs/share/micro_ros_msgs/local_setup.dsv
[3.244s] -- Installing: /home/sunildj/stembotX2_ws/install/micro_ros_msgs/share/micro_ros_msgs/package.dsv
[3.244s] -- Installing: /home/sunildj/stembotX2_ws/install/micro_ros_msgs/share/ament_index/resource_index/packages/micro_ros_msgs
[3.244s] -- Installing: /home/sunildj/stembotX2_ws/install/micro_ros_msgs/share/micro_ros_msgs/cmake/export_micro_ros_msgs__rosidl_generator_cExport.cmake
[3.244s] -- Installing: /home/sunildj/stembotX2_ws/install/micro_ros_msgs/share/micro_ros_msgs/cmake/export_micro_ros_msgs__rosidl_generator_cExport-noconfig.cmake
[3.244s] -- Installing: /home/sunildj/stembotX2_ws/install/micro_ros_msgs/share/micro_ros_msgs/cmake/export_micro_ros_msgs__rosidl_typesupport_fastrtps_cExport.cmake
[3.245s] -- Installing: /home/sunildj/stembotX2_ws/install/micro_ros_msgs/share/micro_ros_msgs/cmake/export_micro_ros_msgs__rosidl_typesupport_fastrtps_cExport-noconfig.cmake
[3.245s] -- Installing: /home/sunildj/stembotX2_ws/install/micro_ros_msgs/share/micro_ros_msgs/cmake/micro_ros_msgs__rosidl_typesupport_introspection_cExport.cmake
[3.245s] -- Installing: /home/sunildj/stembotX2_ws/install/micro_ros_msgs/share/micro_ros_msgs/cmake/micro_ros_msgs__rosidl_typesupport_introspection_cExport-noconfig.cmake
[3.245s] -- Installing: /home/sunildj/stembotX2_ws/install/micro_ros_msgs/share/micro_ros_msgs/cmake/micro_ros_msgs__rosidl_typesupport_cExport.cmake
[3.245s] -- Installing: /home/sunildj/stembotX2_ws/install/micro_ros_msgs/share/micro_ros_msgs/cmake/micro_ros_msgs__rosidl_typesupport_cExport-noconfig.cmake
[3.245s] -- Installing: /home/sunildj/stembotX2_ws/install/micro_ros_msgs/share/micro_ros_msgs/cmake/export_micro_ros_msgs__rosidl_generator_cppExport.cmake
[3.245s] -- Installing: /home/sunildj/stembotX2_ws/install/micro_ros_msgs/share/micro_ros_msgs/cmake/export_micro_ros_msgs__rosidl_typesupport_fastrtps_cppExport.cmake
[3.245s] -- Installing: /home/sunildj/stembotX2_ws/install/micro_ros_msgs/share/micro_ros_msgs/cmake/export_micro_ros_msgs__rosidl_typesupport_fastrtps_cppExport-noconfig.cmake
[3.246s] -- Installing: /home/sunildj/stembotX2_ws/install/micro_ros_msgs/share/micro_ros_msgs/cmake/micro_ros_msgs__rosidl_typesupport_introspection_cppExport.cmake
[3.246s] -- Installing: /home/sunildj/stembotX2_ws/install/micro_ros_msgs/share/micro_ros_msgs/cmake/micro_ros_msgs__rosidl_typesupport_introspection_cppExport-noconfig.cmake
[3.246s] -- Installing: /home/sunildj/stembotX2_ws/install/micro_ros_msgs/share/micro_ros_msgs/cmake/micro_ros_msgs__rosidl_typesupport_cppExport.cmake
[3.246s] -- Installing: /home/sunildj/stembotX2_ws/install/micro_ros_msgs/share/micro_ros_msgs/cmake/micro_ros_msgs__rosidl_typesupport_cppExport-noconfig.cmake
[3.246s] -- Installing: /home/sunildj/stembotX2_ws/install/micro_ros_msgs/share/micro_ros_msgs/cmake/export_micro_ros_msgs__rosidl_generator_pyExport.cmake
[3.246s] -- Installing: /home/sunildj/stembotX2_ws/install/micro_ros_msgs/share/micro_ros_msgs/cmake/export_micro_ros_msgs__rosidl_generator_pyExport-noconfig.cmake
[3.246s] -- Installing: /home/sunildj/stembotX2_ws/install/micro_ros_msgs/share/micro_ros_msgs/cmake/rosidl_cmake-extras.cmake
[3.246s] -- Installing: /home/sunildj/stembotX2_ws/install/micro_ros_msgs/share/micro_ros_msgs/cmake/ament_cmake_export_include_directories-extras.cmake
[3.246s] -- Installing: /home/sunildj/stembotX2_ws/install/micro_ros_msgs/share/micro_ros_msgs/cmake/ament_cmake_export_libraries-extras.cmake
[3.247s] -- Installing: /home/sunildj/stembotX2_ws/install/micro_ros_msgs/share/micro_ros_msgs/cmake/ament_cmake_export_targets-extras.cmake
[3.247s] -- Installing: /home/sunildj/stembotX2_ws/install/micro_ros_msgs/share/micro_ros_msgs/cmake/rosidl_cmake_export_typesupport_targets-extras.cmake
[3.247s] -- Installing: /home/sunildj/stembotX2_ws/install/micro_ros_msgs/share/micro_ros_msgs/cmake/ament_cmake_export_dependencies-extras.cmake
[3.247s] -- Installing: /home/sunildj/stembotX2_ws/install/micro_ros_msgs/share/micro_ros_msgs/cmake/rosidl_cmake_export_typesupport_libraries-extras.cmake
[3.247s] -- Installing: /home/sunildj/stembotX2_ws/install/micro_ros_msgs/share/micro_ros_msgs/cmake/micro_ros_msgsConfig.cmake
[3.247s] -- Installing: /home/sunildj/stembotX2_ws/install/micro_ros_msgs/share/micro_ros_msgs/cmake/micro_ros_msgsConfig-version.cmake
[3.247s] -- Installing: /home/sunildj/stembotX2_ws/install/micro_ros_msgs/share/micro_ros_msgs/package.xml
[3.249s] Invoked command in '/home/sunildj/stembotX2_ws/build/micro_ros_msgs' returned '0': CMAKE_PREFIX_PATH=/opt/ros/humble /usr/bin/cmake --install /home/sunildj/stembotX2_ws/build/micro_ros_msgs
